mode: set
flowpilot/cmd/agent/main.go:18.13,27.18 8 0
flowpilot/cmd/agent/main.go:27.18,30.3 2 0
flowpilot/cmd/agent/main.go:32.2,41.16 3 0
flowpilot/cmd/agent/main.go:41.16,43.3 1 0
flowpilot/cmd/agent/main.go:45.2,49.12 4 0
flowpilot/cmd/agent/main.go:49.12,53.3 3 0
flowpilot/cmd/agent/main.go:55.2,55.62 1 0
flowpilot/cmd/agent/main.go:55.62,57.3 1 0
flowpilot/internal/batch/batch.go:22.35,24.2 1 1
flowpilot/internal/batch/batch.go:27.160,28.61 1 1
flowpilot/internal/batch/batch.go:28.61,30.3 1 1
flowpilot/internal/batch/batch.go:32.2,35.43 4 1
flowpilot/internal/batch/batch.go:35.43,37.3 1 1
flowpilot/internal/batch/batch.go:38.2,38.37 1 1
flowpilot/internal/batch/batch.go:38.37,40.3 1 0
flowpilot/internal/batch/batch.go:42.2,43.16 2 1
flowpilot/internal/batch/batch.go:43.16,45.3 1 0
flowpilot/internal/batch/batch.go:46.2,49.36 3 1
flowpilot/internal/batch/batch.go:49.36,60.50 6 1
flowpilot/internal/batch/batch.go:60.50,65.4 4 0
flowpilot/internal/batch/batch.go:66.3,66.51 1 1
flowpilot/internal/batch/batch.go:66.51,68.4 1 0
flowpilot/internal/batch/batch.go:70.3,71.33 2 1
flowpilot/internal/batch/batch.go:71.33,76.4 4 1
flowpilot/internal/batch/batch.go:78.3,78.132 1 1
flowpilot/internal/batch/batch.go:78.132,80.4 1 1
flowpilot/internal/batch/batch.go:82.3,98.58 2 1
flowpilot/internal/batch/batch.go:98.58,100.4 1 0
flowpilot/internal/batch/batch.go:101.3,101.34 1 1
flowpilot/internal/batch/batch.go:104.2,111.64 2 1
flowpilot/internal/batch/batch.go:111.64,113.3 1 0
flowpilot/internal/batch/batch.go:115.2,115.36 1 1
flowpilot/internal/batch/batch.go:115.36,117.3 1 0
flowpilot/internal/batch/batch.go:119.2,119.28 1 1
flowpilot/internal/batch/batch.go:122.51,124.26 2 1
flowpilot/internal/batch/batch.go:124.26,126.3 1 1
flowpilot/internal/batch/batch.go:127.2,127.12 1 1
flowpilot/internal/batch/csv.go:12.51,15.21 3 1
flowpilot/internal/batch/csv.go:15.21,17.17 2 1
flowpilot/internal/batch/csv.go:17.17,18.12 1 1
flowpilot/internal/batch/csv.go:20.3,20.28 1 1
flowpilot/internal/batch/csv.go:22.2,22.38 1 1
flowpilot/internal/batch/csv.go:22.38,24.3 1 0
flowpilot/internal/batch/csv.go:25.2,25.18 1 1
flowpilot/internal/batch/csv.go:29.55,32.6 3 1
flowpilot/internal/batch/csv.go:32.6,34.20 2 1
flowpilot/internal/batch/csv.go:34.20,35.9 1 1
flowpilot/internal/batch/csv.go:37.3,37.17 1 1
flowpilot/internal/batch/csv.go:37.17,39.4 1 0
flowpilot/internal/batch/csv.go:40.3,40.23 1 1
flowpilot/internal/batch/csv.go:40.23,41.12 1 0
flowpilot/internal/batch/csv.go:43.3,44.16 2 1
flowpilot/internal/batch/csv.go:44.16,46.4 1 1
flowpilot/internal/batch/csv.go:48.2,48.18 1 1
flowpilot/internal/batch/naming.go:6.35,8.2 1 1
flowpilot/internal/batch/naming.go:11.45,13.2 1 1
flowpilot/internal/batch/variables.go:18.63,26.39 3 1
flowpilot/internal/batch/variables.go:26.39,28.3 1 1
flowpilot/internal/batch/variables.go:29.2,29.15 1 1
flowpilot/internal/batch/variables.go:33.42,35.16 2 1
flowpilot/internal/batch/variables.go:35.16,37.3 1 1
flowpilot/internal/batch/variables.go:38.2,38.26 1 1
flowpilot/internal/captcha/anticaptcha.go:25.49,34.2 1 1
flowpilot/internal/captcha/anticaptcha.go:56.118,60.16 3 1
flowpilot/internal/captcha/anticaptcha.go:60.16,62.3 1 0
flowpilot/internal/captcha/anticaptcha.go:64.2,65.16 2 1
flowpilot/internal/captcha/anticaptcha.go:65.16,67.3 1 0
flowpilot/internal/captcha/anticaptcha.go:69.2,72.8 1 1
flowpilot/internal/captcha/anticaptcha.go:75.102,78.18 2 1
flowpilot/internal/captcha/anticaptcha.go:79.37,85.20 2 1
flowpilot/internal/captcha/anticaptcha.go:85.20,87.4 1 1
flowpilot/internal/captcha/anticaptcha.go:88.3,88.11 1 1
flowpilot/internal/captcha/anticaptcha.go:89.37,95.23 2 1
flowpilot/internal/captcha/anticaptcha.go:95.23,97.4 1 1
flowpilot/internal/captcha/anticaptcha.go:98.3,98.11 1 1
flowpilot/internal/captcha/anticaptcha.go:99.34,104.4 1 1
flowpilot/internal/captcha/anticaptcha.go:105.31,109.4 1 1
flowpilot/internal/captcha/anticaptcha.go:110.10,111.65 1 1
flowpilot/internal/captcha/anticaptcha.go:114.2,120.16 3 1
flowpilot/internal/captcha/anticaptcha.go:120.16,122.3 1 0
flowpilot/internal/captcha/anticaptcha.go:123.2,123.23 1 1
flowpilot/internal/captcha/anticaptcha.go:123.23,125.3 1 0
flowpilot/internal/captcha/anticaptcha.go:126.2,126.25 1 1
flowpilot/internal/captcha/anticaptcha.go:129.85,133.6 3 1
flowpilot/internal/captcha/anticaptcha.go:133.6,134.33 1 1
flowpilot/internal/captcha/anticaptcha.go:134.33,136.4 1 0
flowpilot/internal/captcha/anticaptcha.go:138.3,139.10 2 1
flowpilot/internal/captcha/anticaptcha.go:140.21,142.24 2 1
flowpilot/internal/captcha/anticaptcha.go:143.18,143.18 0 1
flowpilot/internal/captcha/anticaptcha.go:146.3,152.17 3 1
flowpilot/internal/captcha/anticaptcha.go:152.17,154.4 1 0
flowpilot/internal/captcha/anticaptcha.go:155.3,155.24 1 1
flowpilot/internal/captcha/anticaptcha.go:155.24,157.4 1 0
flowpilot/internal/captcha/anticaptcha.go:159.3,159.22 1 1
flowpilot/internal/captcha/anticaptcha.go:160.21,162.12 2 1
flowpilot/internal/captcha/anticaptcha.go:163.16,165.19 2 1
flowpilot/internal/captcha/anticaptcha.go:165.19,167.5 1 1
flowpilot/internal/captcha/anticaptcha.go:168.4,168.19 1 1
flowpilot/internal/captcha/anticaptcha.go:168.19,170.5 1 0
flowpilot/internal/captcha/anticaptcha.go:171.4,171.21 1 1
flowpilot/internal/captcha/anticaptcha.go:172.11,173.75 1 0
flowpilot/internal/captcha/anticaptcha.go:178.69,184.16 3 1
flowpilot/internal/captcha/anticaptcha.go:184.16,186.3 1 0
flowpilot/internal/captcha/anticaptcha.go:187.2,187.23 1 1
flowpilot/internal/captcha/anticaptcha.go:187.23,189.3 1 0
flowpilot/internal/captcha/anticaptcha.go:190.2,190.26 1 1
flowpilot/internal/captcha/anticaptcha.go:193.114,195.16 2 1
flowpilot/internal/captcha/anticaptcha.go:195.16,197.3 1 0
flowpilot/internal/captcha/anticaptcha.go:199.2,200.16 2 1
flowpilot/internal/captcha/anticaptcha.go:200.16,202.3 1 0
flowpilot/internal/captcha/anticaptcha.go:203.2,206.16 3 1
flowpilot/internal/captcha/anticaptcha.go:206.16,208.3 1 1
flowpilot/internal/captcha/anticaptcha.go:209.2,211.42 2 1
flowpilot/internal/captcha/anticaptcha.go:211.42,214.3 2 0
flowpilot/internal/captcha/anticaptcha.go:216.2,217.16 2 1
flowpilot/internal/captcha/anticaptcha.go:217.16,219.3 1 0
flowpilot/internal/captcha/anticaptcha.go:221.2,222.58 2 1
flowpilot/internal/captcha/anticaptcha.go:222.58,224.3 1 1
flowpilot/internal/captcha/anticaptcha.go:225.2,225.21 1 1
flowpilot/internal/captcha/captcha.go:15.61,16.25 1 1
flowpilot/internal/captcha/captcha.go:17.38,18.43 1 1
flowpilot/internal/captcha/captcha.go:19.41,20.44 1 1
flowpilot/internal/captcha/captcha.go:21.10,22.78 1 1
flowpilot/internal/captcha/twocaptcha.go:29.47,38.2 1 1
flowpilot/internal/captcha/twocaptcha.go:40.117,44.16 3 1
flowpilot/internal/captcha/twocaptcha.go:44.16,46.3 1 0
flowpilot/internal/captcha/twocaptcha.go:48.2,49.16 2 1
flowpilot/internal/captcha/twocaptcha.go:49.16,51.3 1 0
flowpilot/internal/captcha/twocaptcha.go:53.2,56.8 1 1
flowpilot/internal/captcha/twocaptcha.go:59.98,65.18 2 1
flowpilot/internal/captcha/twocaptcha.go:66.37,70.20 4 1
flowpilot/internal/captcha/twocaptcha.go:70.20,72.4 1 1
flowpilot/internal/captcha/twocaptcha.go:73.37,78.23 5 1
flowpilot/internal/captcha/twocaptcha.go:78.23,80.4 1 1
flowpilot/internal/captcha/twocaptcha.go:81.34,84.37 3 1
flowpilot/internal/captcha/twocaptcha.go:85.31,87.34 2 1
flowpilot/internal/captcha/twocaptcha.go:88.10,89.66 1 1
flowpilot/internal/captcha/twocaptcha.go:92.2,93.16 2 1
flowpilot/internal/captcha/twocaptcha.go:93.16,95.3 1 0
flowpilot/internal/captcha/twocaptcha.go:96.2,99.16 3 1
flowpilot/internal/captcha/twocaptcha.go:99.16,101.3 1 1
flowpilot/internal/captcha/twocaptcha.go:102.2,104.38 2 1
flowpilot/internal/captcha/twocaptcha.go:104.38,107.3 2 0
flowpilot/internal/captcha/twocaptcha.go:109.2,110.16 2 1
flowpilot/internal/captcha/twocaptcha.go:110.16,112.3 1 0
flowpilot/internal/captcha/twocaptcha.go:114.2,115.37 2 1
flowpilot/internal/captcha/twocaptcha.go:115.37,117.3 1 0
flowpilot/internal/captcha/twocaptcha.go:119.2,119.45 1 1
flowpilot/internal/captcha/twocaptcha.go:122.79,126.6 3 1
flowpilot/internal/captcha/twocaptcha.go:126.6,127.33 1 1
flowpilot/internal/captcha/twocaptcha.go:127.33,129.4 1 0
flowpilot/internal/captcha/twocaptcha.go:131.3,132.10 2 1
flowpilot/internal/captcha/twocaptcha.go:133.21,135.24 2 1
flowpilot/internal/captcha/twocaptcha.go:136.18,136.18 0 1
flowpilot/internal/captcha/twocaptcha.go:139.3,147.17 3 1
flowpilot/internal/captcha/twocaptcha.go:147.17,149.4 1 0
flowpilot/internal/captcha/twocaptcha.go:151.3,152.17 2 1
flowpilot/internal/captcha/twocaptcha.go:152.17,154.4 1 0
flowpilot/internal/captcha/twocaptcha.go:156.3,156.39 1 1
flowpilot/internal/captcha/twocaptcha.go:156.39,160.4 3 0
flowpilot/internal/captcha/twocaptcha.go:162.3,164.17 3 1
flowpilot/internal/captcha/twocaptcha.go:164.17,166.4 1 0
flowpilot/internal/captcha/twocaptcha.go:168.3,169.33 2 1
flowpilot/internal/captcha/twocaptcha.go:169.33,171.12 2 1
flowpilot/internal/captcha/twocaptcha.go:173.3,173.37 1 1
flowpilot/internal/captcha/twocaptcha.go:173.37,175.4 1 1
flowpilot/internal/captcha/twocaptcha.go:176.3,176.57 1 0
flowpilot/internal/captcha/twocaptcha.go:180.68,188.16 3 1
flowpilot/internal/captcha/twocaptcha.go:188.16,190.3 1 0
flowpilot/internal/captcha/twocaptcha.go:192.2,193.16 2 1
flowpilot/internal/captcha/twocaptcha.go:193.16,195.3 1 0
flowpilot/internal/captcha/twocaptcha.go:196.2,198.38 2 1
flowpilot/internal/captcha/twocaptcha.go:198.38,201.3 2 0
flowpilot/internal/captcha/twocaptcha.go:203.2,204.16 2 1
flowpilot/internal/captcha/twocaptcha.go:204.16,206.3 1 0
flowpilot/internal/captcha/twocaptcha.go:208.2,210.60 3 1
flowpilot/internal/captcha/twocaptcha.go:210.60,212.3 1 1
flowpilot/internal/captcha/twocaptcha.go:213.2,213.21 1 1
flowpilot/internal/crypto/crypto.go:24.36,25.23 1 1
flowpilot/internal/crypto/crypto.go:25.23,28.36 3 1
flowpilot/internal/crypto/crypto.go:28.36,31.4 2 1
flowpilot/internal/crypto/crypto.go:32.3,33.58 2 1
flowpilot/internal/crypto/crypto.go:33.58,36.4 2 0
flowpilot/internal/crypto/crypto.go:37.3,37.59 1 1
flowpilot/internal/crypto/crypto.go:37.59,40.4 2 0
flowpilot/internal/crypto/crypto.go:41.3,41.18 1 1
flowpilot/internal/crypto/crypto.go:43.2,43.18 1 1
flowpilot/internal/crypto/crypto.go:47.41,48.20 1 1
flowpilot/internal/crypto/crypto.go:48.20,50.3 1 1
flowpilot/internal/crypto/crypto.go:51.2,54.12 4 1
flowpilot/internal/crypto/crypto.go:59.48,60.21 1 1
flowpilot/internal/crypto/crypto.go:60.21,62.3 1 1
flowpilot/internal/crypto/crypto.go:63.2,63.22 1 1
flowpilot/internal/crypto/crypto.go:63.22,65.3 1 1
flowpilot/internal/crypto/crypto.go:67.2,68.16 2 1
flowpilot/internal/crypto/crypto.go:68.16,70.3 1 0
flowpilot/internal/crypto/crypto.go:72.2,73.16 2 1
flowpilot/internal/crypto/crypto.go:73.16,75.3 1 0
flowpilot/internal/crypto/crypto.go:77.2,78.59 2 1
flowpilot/internal/crypto/crypto.go:78.59,80.3 1 0
flowpilot/internal/crypto/crypto.go:82.2,83.59 2 1
flowpilot/internal/crypto/crypto.go:90.46,91.19 1 1
flowpilot/internal/crypto/crypto.go:91.19,93.3 1 1
flowpilot/internal/crypto/crypto.go:94.2,94.22 1 1
flowpilot/internal/crypto/crypto.go:94.22,96.3 1 1
flowpilot/internal/crypto/crypto.go:98.2,99.16 2 1
flowpilot/internal/crypto/crypto.go:99.16,102.3 1 1
flowpilot/internal/crypto/crypto.go:104.2,105.16 2 1
flowpilot/internal/crypto/crypto.go:105.16,107.3 1 0
flowpilot/internal/crypto/crypto.go:109.2,110.16 2 1
flowpilot/internal/crypto/crypto.go:110.16,112.3 1 0
flowpilot/internal/crypto/crypto.go:114.2,115.27 2 1
flowpilot/internal/crypto/crypto.go:115.27,117.3 1 1
flowpilot/internal/crypto/crypto.go:119.2,121.16 3 1
flowpilot/internal/crypto/crypto.go:121.16,123.3 1 1
flowpilot/internal/crypto/crypto.go:125.2,125.31 1 1
flowpilot/internal/crypto/crypto.go:129.21,133.2 3 1
flowpilot/internal/agent/agent.go:44.38,45.23 1 1
flowpilot/internal/agent/agent.go:45.23,47.17 2 0
flowpilot/internal/agent/agent.go:47.17,49.4 1 0
flowpilot/internal/agent/agent.go:50.3,50.50 1 0
flowpilot/internal/agent/agent.go:52.2,52.29 1 1
flowpilot/internal/agent/agent.go:52.29,54.3 1 1
flowpilot/internal/agent/agent.go:55.2,55.27 1 1
flowpilot/internal/agent/agent.go:55.27,57.3 1 1
flowpilot/internal/agent/agent.go:58.2,58.31 1 1
flowpilot/internal/agent/agent.go:58.31,60.3 1 1
flowpilot/internal/agent/agent.go:62.2,62.56 1 1
flowpilot/internal/agent/agent.go:62.56,64.3 1 1
flowpilot/internal/agent/agent.go:66.2,66.52 1 1
flowpilot/internal/agent/agent.go:66.52,68.3 1 0
flowpilot/internal/agent/agent.go:70.2,72.16 3 1
flowpilot/internal/agent/agent.go:72.16,74.3 1 0
flowpilot/internal/agent/agent.go:76.2,78.16 3 1
flowpilot/internal/agent/agent.go:78.16,81.3 2 0
flowpilot/internal/agent/agent.go:82.2,93.78 6 1
flowpilot/internal/agent/agent.go:93.78,95.3 1 1
flowpilot/internal/agent/agent.go:96.2,96.31 1 1
flowpilot/internal/agent/agent.go:96.31,98.3 1 1
flowpilot/internal/agent/agent.go:99.2,102.25 3 1
flowpilot/internal/agent/agent.go:102.25,104.3 1 1
flowpilot/internal/agent/agent.go:105.2,106.22 2 1
flowpilot/internal/agent/agent.go:106.22,108.3 1 1
flowpilot/internal/agent/agent.go:109.2,123.8 3 1
flowpilot/internal/agent/agent.go:126.48,138.6 7 1
flowpilot/internal/agent/agent.go:138.6,139.10 1 1
flowpilot/internal/agent/agent.go:140.19,141.25 1 0
flowpilot/internal/agent/agent.go:142.21,145.20 3 1
flowpilot/internal/agent/agent.go:150.53,152.16 2 1
flowpilot/internal/agent/agent.go:152.16,155.3 2 1
flowpilot/internal/agent/agent.go:156.2,156.29 1 1
flowpilot/internal/agent/agent.go:156.29,157.51 1 1
flowpilot/internal/agent/agent.go:157.51,159.4 1 0
flowpilot/internal/agent/agent.go:163.24,164.21 1 1
flowpilot/internal/agent/agent.go:164.21,166.3 1 1
flowpilot/internal/agent/agent.go:167.2,167.20 1 1
flowpilot/internal/agent/agent.go:167.20,169.3 1 1
flowpilot/internal/agent/agent.go:170.2,170.27 1 1
flowpilot/internal/agent/agent.go:170.27,172.3 1 1
flowpilot/internal/agent/agent.go:173.2,173.17 1 1
flowpilot/internal/agent/agent.go:173.17,175.3 1 1
flowpilot/internal/database/db_batch.go:11.84,14.16 2 1
flowpilot/internal/database/db_batch.go:14.16,16.3 1 0
flowpilot/internal/database/db_batch.go:17.2,17.12 1 1
flowpilot/internal/database/db_batch.go:20.98,23.16 2 1
flowpilot/internal/database/db_batch.go:23.16,25.3 1 0
flowpilot/internal/database/db_batch.go:26.2,26.12 1 1
flowpilot/internal/database/db_batch.go:29.81,31.16 2 1
flowpilot/internal/database/db_batch.go:31.16,33.3 1 0
flowpilot/internal/database/db_batch.go:34.2,37.18 3 1
flowpilot/internal/database/db_batch.go:37.18,39.86 2 1
flowpilot/internal/database/db_batch.go:39.86,41.4 1 0
flowpilot/internal/database/db_batch.go:42.3,42.29 1 1
flowpilot/internal/database/db_batch.go:44.2,44.35 1 1
flowpilot/internal/database/db_batch.go:44.35,46.3 1 0
flowpilot/internal/database/db_batch.go:47.2,47.20 1 1
flowpilot/internal/database/db_batch.go:50.99,53.16 3 1
flowpilot/internal/database/db_batch.go:53.16,55.3 1 0
flowpilot/internal/database/db_batch.go:56.2,58.18 2 1
flowpilot/internal/database/db_batch.go:58.18,61.52 3 1
flowpilot/internal/database/db_batch.go:61.52,63.4 1 0
flowpilot/internal/database/db_batch.go:64.3,65.36 2 1
flowpilot/internal/database/db_batch.go:66.33,67.28 1 1
flowpilot/internal/database/db_batch.go:68.32,69.27 1 1
flowpilot/internal/database/db_batch.go:70.33,71.28 1 1
flowpilot/internal/database/db_batch.go:72.35,73.30 1 1
flowpilot/internal/database/db_batch.go:74.32,75.27 1 1
flowpilot/internal/database/db_batch.go:76.35,77.30 1 1
flowpilot/internal/database/db_batch.go:80.2,80.35 1 1
flowpilot/internal/database/db_batch.go:80.35,82.3 1 0
flowpilot/internal/database/db_batch.go:83.2,83.22 1 1
flowpilot/internal/database/db_batch.go:86.92,90.16 2 1
flowpilot/internal/database/db_batch.go:90.16,92.3 1 0
flowpilot/internal/database/db_batch.go:93.2,96.18 3 1
flowpilot/internal/database/db_batch.go:96.18,98.17 2 1
flowpilot/internal/database/db_batch.go:98.17,100.4 1 1
flowpilot/internal/database/db_batch.go:101.3,101.31 1 1
flowpilot/internal/database/db_batch.go:103.2,103.35 1 1
flowpilot/internal/database/db_batch.go:103.35,105.3 1 0
flowpilot/internal/database/db_batch.go:106.2,106.19 1 1
flowpilot/internal/database/db_batch.go:109.124,113.16 2 1
flowpilot/internal/database/db_batch.go:113.16,115.3 1 0
flowpilot/internal/database/db_batch.go:116.2,119.18 3 1
flowpilot/internal/database/db_batch.go:119.18,121.17 2 1
flowpilot/internal/database/db_batch.go:121.17,123.4 1 1
flowpilot/internal/database/db_batch.go:124.3,124.31 1 1
flowpilot/internal/database/db_batch.go:126.2,126.35 1 1
flowpilot/internal/database/db_batch.go:126.35,128.3 1 0
flowpilot/internal/database/db_batch.go:129.2,129.19 1 1
flowpilot/internal/database/db_captcha.go:13.86,15.16 2 1
flowpilot/internal/database/db_captcha.go:15.16,17.3 1 0
flowpilot/internal/database/db_captcha.go:19.2,20.15 2 1
flowpilot/internal/database/db_captcha.go:20.15,22.3 1 1
flowpilot/internal/database/db_captcha.go:24.2,29.16 2 1
flowpilot/internal/database/db_captcha.go:29.16,31.3 1 0
flowpilot/internal/database/db_captcha.go:32.2,32.12 1 1
flowpilot/internal/database/db_captcha.go:35.95,41.26 3 1
flowpilot/internal/database/db_captcha.go:41.26,43.3 1 1
flowpilot/internal/database/db_captcha.go:44.2,44.16 1 1
flowpilot/internal/database/db_captcha.go:44.16,46.3 1 0
flowpilot/internal/database/db_captcha.go:47.2,47.15 1 1
flowpilot/internal/database/db_captcha.go:50.90,56.26 3 1
flowpilot/internal/database/db_captcha.go:56.26,58.3 1 0
flowpilot/internal/database/db_captcha.go:59.2,59.16 1 1
flowpilot/internal/database/db_captcha.go:59.16,61.3 1 0
flowpilot/internal/database/db_captcha.go:62.2,62.15 1 1
flowpilot/internal/database/db_captcha.go:65.87,69.16 2 1
flowpilot/internal/database/db_captcha.go:69.16,71.3 1 0
flowpilot/internal/database/db_captcha.go:72.2,75.18 3 1
flowpilot/internal/database/db_captcha.go:75.18,78.104 3 1
flowpilot/internal/database/db_captcha.go:78.104,80.4 1 0
flowpilot/internal/database/db_captcha.go:81.3,83.58 2 1
flowpilot/internal/database/db_captcha.go:83.58,85.4 1 1
flowpilot/internal/database/db_captcha.go:86.3,86.31 1 1
flowpilot/internal/database/db_captcha.go:88.2,88.35 1 1
flowpilot/internal/database/db_captcha.go:88.35,90.3 1 0
flowpilot/internal/database/db_captcha.go:91.2,91.21 1 1
flowpilot/internal/database/db_captcha.go:94.86,96.16 2 1
flowpilot/internal/database/db_captcha.go:96.16,98.3 1 0
flowpilot/internal/database/db_captcha.go:100.2,101.15 2 1
flowpilot/internal/database/db_captcha.go:101.15,103.3 1 0
flowpilot/internal/database/db_captcha.go:105.2,110.16 2 1
flowpilot/internal/database/db_captcha.go:110.16,112.3 1 0
flowpilot/internal/database/db_captcha.go:113.2,114.16 2 1
flowpilot/internal/database/db_captcha.go:114.16,116.3 1 0
flowpilot/internal/database/db_captcha.go:117.2,117.12 1 1
flowpilot/internal/database/db_captcha.go:117.12,119.3 1 0
flowpilot/internal/database/db_captcha.go:120.2,120.12 1 1
flowpilot/internal/database/db_captcha.go:123.73,125.16 2 1
flowpilot/internal/database/db_captcha.go:125.16,127.3 1 0
flowpilot/internal/database/db_captcha.go:128.2,129.16 2 1
flowpilot/internal/database/db_captcha.go:129.16,131.3 1 0
flowpilot/internal/database/db_captcha.go:132.2,132.12 1 1
flowpilot/internal/database/db_captcha.go:132.12,134.3 1 0
flowpilot/internal/database/db_captcha.go:135.2,135.12 1 1
flowpilot/internal/database/db_captcha.go:138.75,141.102 3 1
flowpilot/internal/database/db_captcha.go:141.102,143.3 1 1
flowpilot/internal/database/db_captcha.go:144.2,146.57 2 1
flowpilot/internal/database/db_captcha.go:146.57,148.3 1 1
flowpilot/internal/database/db_captcha.go:149.2,149.16 1 1
flowpilot/internal/database/db_flows.go:11.87,13.16 2 1
flowpilot/internal/database/db_flows.go:13.16,15.3 1 0
flowpilot/internal/database/db_flows.go:16.2,19.16 2 1
flowpilot/internal/database/db_flows.go:19.16,21.3 1 0
flowpilot/internal/database/db_flows.go:22.2,22.12 1 1
flowpilot/internal/database/db_flows.go:25.87,27.16 2 1
flowpilot/internal/database/db_flows.go:27.16,29.3 1 0
flowpilot/internal/database/db_flows.go:30.2,32.16 2 1
flowpilot/internal/database/db_flows.go:32.16,34.3 1 0
flowpilot/internal/database/db_flows.go:35.2,35.62 1 1
flowpilot/internal/database/db_flows.go:35.62,36.17 1 1
flowpilot/internal/database/db_flows.go:36.17,38.4 1 0
flowpilot/internal/database/db_flows.go:39.3,39.50 1 1
flowpilot/internal/database/db_flows.go:41.2,41.12 1 1
flowpilot/internal/database/db_flows.go:44.93,48.137 4 1
flowpilot/internal/database/db_flows.go:48.137,50.3 1 1
flowpilot/internal/database/db_flows.go:51.2,51.21 1 1
flowpilot/internal/database/db_flows.go:51.21,52.72 1 1
flowpilot/internal/database/db_flows.go:52.72,54.4 1 1
flowpilot/internal/database/db_flows.go:56.2,56.19 1 1
flowpilot/internal/database/db_flows.go:59.85,61.16 2 1
flowpilot/internal/database/db_flows.go:61.16,63.3 1 0
flowpilot/internal/database/db_flows.go:64.2,67.18 3 1
flowpilot/internal/database/db_flows.go:67.18,70.139 3 1
flowpilot/internal/database/db_flows.go:70.139,72.4 1 0
flowpilot/internal/database/db_flows.go:73.3,73.22 1 1
flowpilot/internal/database/db_flows.go:73.22,74.73 1 1
flowpilot/internal/database/db_flows.go:74.73,76.5 1 1
flowpilot/internal/database/db_flows.go:78.3,78.30 1 1
flowpilot/internal/database/db_flows.go:80.2,80.35 1 1
flowpilot/internal/database/db_flows.go:80.35,82.3 1 0
flowpilot/internal/database/db_flows.go:83.2,83.19 1 1
flowpilot/internal/database/db_flows.go:86.72,88.16 2 1
flowpilot/internal/database/db_flows.go:88.16,90.3 1 0
flowpilot/internal/database/db_flows.go:91.2,93.98 2 1
flowpilot/internal/database/db_flows.go:93.98,95.3 1 0
flowpilot/internal/database/db_flows.go:96.2,96.99 1 1
flowpilot/internal/database/db_flows.go:96.99,98.3 1 0
flowpilot/internal/database/db_flows.go:100.2,101.16 2 1
flowpilot/internal/database/db_flows.go:101.16,103.3 1 0
flowpilot/internal/database/db_flows.go:104.2,104.62 1 1
flowpilot/internal/database/db_flows.go:104.62,105.17 1 1
flowpilot/internal/database/db_flows.go:105.17,107.4 1 0
flowpilot/internal/database/db_flows.go:108.3,108.45 1 1
flowpilot/internal/database/db_flows.go:110.2,110.20 1 1
flowpilot/internal/database/db_flows.go:113.89,117.16 2 1
flowpilot/internal/database/db_flows.go:117.16,119.3 1 0
flowpilot/internal/database/db_flows.go:120.2,120.12 1 1
flowpilot/internal/database/db_flows.go:123.98,125.16 2 1
flowpilot/internal/database/db_flows.go:125.16,127.3 1 0
flowpilot/internal/database/db_flows.go:128.2,131.18 3 1
flowpilot/internal/database/db_flows.go:131.18,133.118 2 1
flowpilot/internal/database/db_flows.go:133.118,135.4 1 0
flowpilot/internal/database/db_flows.go:136.3,136.35 1 1
flowpilot/internal/database/db_flows.go:138.2,138.35 1 1
flowpilot/internal/database/db_flows.go:138.35,140.3 1 0
flowpilot/internal/database/db_flows.go:141.2,141.23 1 1
flowpilot/internal/database/db_logs.go:13.91,17.16 2 1
flowpilot/internal/database/db_logs.go:17.16,19.3 1 0
flowpilot/internal/database/db_logs.go:20.2,20.12 1 1
flowpilot/internal/database/db_logs.go:23.65,27.2 3 1
flowpilot/internal/database/db_logs.go:29.96,33.16 2 0
flowpilot/internal/database/db_logs.go:33.16,35.3 1 0
flowpilot/internal/database/db_logs.go:36.2,36.12 1 0
flowpilot/internal/database/db_logs.go:39.100,40.22 1 1
flowpilot/internal/database/db_logs.go:40.22,42.3 1 0
flowpilot/internal/database/db_logs.go:43.2,45.16 2 1
flowpilot/internal/database/db_logs.go:45.16,47.3 1 0
flowpilot/internal/database/db_logs.go:48.2,50.31 2 1
flowpilot/internal/database/db_logs.go:50.31,51.151 1 1
flowpilot/internal/database/db_logs.go:51.151,53.4 1 0
flowpilot/internal/database/db_logs.go:55.2,55.12 1 1
flowpilot/internal/database/db_logs.go:58.100,59.20 1 1
flowpilot/internal/database/db_logs.go:59.20,61.3 1 0
flowpilot/internal/database/db_logs.go:62.2,64.16 2 1
flowpilot/internal/database/db_logs.go:64.16,66.3 1 0
flowpilot/internal/database/db_logs.go:67.2,69.27 2 1
flowpilot/internal/database/db_logs.go:69.27,70.186 1 1
flowpilot/internal/database/db_logs.go:70.186,72.4 1 0
flowpilot/internal/database/db_logs.go:74.2,74.12 1 1
flowpilot/internal/database/db_logs.go:77.106,78.20 1 1
flowpilot/internal/database/db_logs.go:78.20,80.3 1 0
flowpilot/internal/database/db_logs.go:81.2,83.16 2 1
flowpilot/internal/database/db_logs.go:83.16,85.3 1 0
flowpilot/internal/database/db_logs.go:86.2,88.27 2 1
flowpilot/internal/database/db_logs.go:88.27,89.249 1 1
flowpilot/internal/database/db_logs.go:89.249,91.4 1 0
flowpilot/internal/database/db_logs.go:93.2,93.12 1 1
flowpilot/internal/database/db_logs.go:96.103,98.16 2 0
flowpilot/internal/database/db_logs.go:98.16,100.3 1 0
flowpilot/internal/database/db_logs.go:101.2,105.135 4 0
flowpilot/internal/database/db_logs.go:105.135,107.3 1 0
flowpilot/internal/database/db_logs.go:109.2,111.16 3 0
flowpilot/internal/database/db_logs.go:111.16,113.3 1 0
flowpilot/internal/database/db_logs.go:115.2,117.16 3 0
flowpilot/internal/database/db_logs.go:117.16,119.3 1 0
flowpilot/internal/database/db_logs.go:120.2,121.16 2 0
flowpilot/internal/database/db_logs.go:121.16,123.3 1 0
flowpilot/internal/database/db_logs.go:124.2,124.23 1 0
flowpilot/internal/database/db_logs.go:124.23,126.3 1 0
flowpilot/internal/database/db_logs.go:128.2,128.75 1 0
flowpilot/internal/database/db_logs.go:128.75,130.3 1 0
flowpilot/internal/database/db_logs.go:131.2,131.81 1 0
flowpilot/internal/database/db_logs.go:131.81,133.3 1 0
flowpilot/internal/database/db_logs.go:135.2,143.58 2 0
flowpilot/internal/database/db_logs.go:143.58,145.3 1 0
flowpilot/internal/database/db_logs.go:147.2,147.36 1 0
flowpilot/internal/database/db_logs.go:147.36,149.3 1 0
flowpilot/internal/database/db_logs.go:150.2,150.12 1 0
flowpilot/internal/database/db_logs.go:153.152,155.16 2 0
flowpilot/internal/database/db_logs.go:155.16,157.3 1 0
flowpilot/internal/database/db_logs.go:158.2,162.135 4 0
flowpilot/internal/database/db_logs.go:162.135,164.3 1 0
flowpilot/internal/database/db_logs.go:166.2,168.16 3 0
flowpilot/internal/database/db_logs.go:168.16,170.3 1 0
flowpilot/internal/database/db_logs.go:171.2,172.16 2 0
flowpilot/internal/database/db_logs.go:172.16,174.3 1 0
flowpilot/internal/database/db_logs.go:175.2,175.23 1 0
flowpilot/internal/database/db_logs.go:175.23,177.3 1 0
flowpilot/internal/database/db_logs.go:179.2,179.68 1 0
flowpilot/internal/database/db_logs.go:179.68,181.3 1 0
flowpilot/internal/database/db_logs.go:182.2,182.74 1 0
flowpilot/internal/database/db_logs.go:182.74,184.3 1 0
flowpilot/internal/database/db_logs.go:186.2,195.58 2 0
flowpilot/internal/database/db_logs.go:195.58,197.3 1 0
flowpilot/internal/database/db_logs.go:199.2,199.36 1 0
flowpilot/internal/database/db_logs.go:199.36,201.3 1 0
flowpilot/internal/database/db_logs.go:202.2,202.12 1 0
flowpilot/internal/database/db_logs.go:205.103,207.16 2 1
flowpilot/internal/database/db_logs.go:207.16,209.3 1 0
flowpilot/internal/database/db_logs.go:210.2,213.18 3 1
flowpilot/internal/database/db_logs.go:213.18,215.122 2 1
flowpilot/internal/database/db_logs.go:215.122,217.4 1 0
flowpilot/internal/database/db_logs.go:218.3,218.30 1 1
flowpilot/internal/database/db_logs.go:220.2,220.35 1 1
flowpilot/internal/database/db_logs.go:220.35,222.3 1 0
flowpilot/internal/database/db_logs.go:223.2,223.20 1 1
flowpilot/internal/database/db_logs.go:226.95,227.20 1 1
flowpilot/internal/database/db_logs.go:227.20,229.3 1 1
flowpilot/internal/database/db_logs.go:230.2,231.16 2 1
flowpilot/internal/database/db_logs.go:231.16,233.3 1 0
flowpilot/internal/database/db_logs.go:234.2,235.64 2 1
flowpilot/internal/database/db_logs.go:235.64,237.3 1 0
flowpilot/internal/database/db_logs.go:238.2,238.36 1 1
flowpilot/internal/database/db_logs.go:238.36,240.3 1 0
flowpilot/internal/database/db_logs.go:241.2,241.12 1 1
flowpilot/internal/database/db_logs.go:244.90,247.16 2 1
flowpilot/internal/database/db_logs.go:247.16,249.3 1 0
flowpilot/internal/database/db_logs.go:250.2,253.18 3 1
flowpilot/internal/database/db_logs.go:253.18,255.185 2 1
flowpilot/internal/database/db_logs.go:255.185,257.4 1 0
flowpilot/internal/database/db_logs.go:258.3,258.27 1 1
flowpilot/internal/database/db_logs.go:260.2,260.35 1 1
flowpilot/internal/database/db_logs.go:260.35,262.3 1 0
flowpilot/internal/database/db_logs.go:263.2,263.18 1 1
flowpilot/internal/database/db_logs.go:266.101,267.20 1 1
flowpilot/internal/database/db_logs.go:267.20,269.3 1 1
flowpilot/internal/database/db_logs.go:270.2,271.16 2 1
flowpilot/internal/database/db_logs.go:271.16,273.3 1 0
flowpilot/internal/database/db_logs.go:274.2,275.67 2 1
flowpilot/internal/database/db_logs.go:275.67,277.3 1 0
flowpilot/internal/database/db_logs.go:278.2,278.36 1 1
flowpilot/internal/database/db_logs.go:278.36,280.3 1 0
flowpilot/internal/database/db_logs.go:281.2,281.12 1 1
flowpilot/internal/database/db_logs.go:284.96,287.16 2 1
flowpilot/internal/database/db_logs.go:287.16,289.3 1 0
flowpilot/internal/database/db_logs.go:290.2,293.18 3 1
flowpilot/internal/database/db_logs.go:293.18,295.251 2 1
flowpilot/internal/database/db_logs.go:295.251,297.4 1 0
flowpilot/internal/database/db_logs.go:298.3,298.27 1 1
flowpilot/internal/database/db_logs.go:300.2,300.35 1 1
flowpilot/internal/database/db_logs.go:300.35,302.3 1 0
flowpilot/internal/database/db_logs.go:303.2,303.18 1 1
flowpilot/internal/database/db_logs.go:306.105,307.20 1 1
flowpilot/internal/database/db_logs.go:307.20,309.3 1 1
flowpilot/internal/database/db_logs.go:310.2,311.16 2 1
flowpilot/internal/database/db_logs.go:311.16,313.3 1 0
flowpilot/internal/database/db_logs.go:314.2,316.16 2 1
flowpilot/internal/database/db_logs.go:316.16,319.3 2 0
flowpilot/internal/database/db_logs.go:320.2,322.27 2 1
flowpilot/internal/database/db_logs.go:322.27,323.241 1 1
flowpilot/internal/database/db_logs.go:323.241,326.4 2 0
flowpilot/internal/database/db_logs.go:328.2,328.36 1 1
flowpilot/internal/database/db_logs.go:328.36,330.3 1 0
flowpilot/internal/database/db_logs.go:331.2,331.12 1 1
flowpilot/internal/database/db_logs.go:334.100,337.16 2 1
flowpilot/internal/database/db_logs.go:337.16,339.3 1 0
flowpilot/internal/database/db_logs.go:340.2,343.18 3 1
flowpilot/internal/database/db_logs.go:343.18,345.243 2 1
flowpilot/internal/database/db_logs.go:345.243,347.4 1 0
flowpilot/internal/database/db_logs.go:348.3,348.27 1 1
flowpilot/internal/database/db_logs.go:350.2,350.35 1 1
flowpilot/internal/database/db_logs.go:350.35,352.3 1 0
flowpilot/internal/database/db_logs.go:353.2,353.18 1 1
flowpilot/internal/database/db_logs.go:356.114,357.15 1 1
flowpilot/internal/database/db_logs.go:357.15,359.3 1 0
flowpilot/internal/database/db_logs.go:360.2,362.18 3 1
flowpilot/internal/database/db_logs.go:362.18,365.3 2 1
flowpilot/internal/database/db_logs.go:366.2,367.15 2 1
flowpilot/internal/database/db_logs.go:367.15,369.3 1 1
flowpilot/internal/database/db_logs.go:371.2,372.16 2 1
flowpilot/internal/database/db_logs.go:372.16,374.3 1 0
flowpilot/internal/database/db_logs.go:375.2,378.18 3 1
flowpilot/internal/database/db_logs.go:378.18,380.122 2 1
flowpilot/internal/database/db_logs.go:380.122,382.4 1 0
flowpilot/internal/database/db_logs.go:383.3,383.30 1 1
flowpilot/internal/database/db_logs.go:385.2,385.35 1 1
flowpilot/internal/database/db_logs.go:385.35,387.3 1 0
flowpilot/internal/database/db_logs.go:388.2,388.20 1 1
flowpilot/internal/database/db_proxies.go:13.67,22.16 4 1
flowpilot/internal/database/db_proxies.go:22.16,24.3 1 0
flowpilot/internal/database/db_proxies.go:25.2,25.23 1 1
flowpilot/internal/database/db_proxies.go:25.23,27.3 1 1
flowpilot/internal/database/db_proxies.go:29.2,29.60 1 1
flowpilot/internal/database/db_proxies.go:29.60,31.3 1 1
flowpilot/internal/database/db_proxies.go:32.2,32.60 1 1
flowpilot/internal/database/db_proxies.go:32.60,34.3 1 1
flowpilot/internal/database/db_proxies.go:36.2,36.16 1 1
flowpilot/internal/database/db_proxies.go:39.74,41.16 2 1
flowpilot/internal/database/db_proxies.go:41.16,43.3 1 0
flowpilot/internal/database/db_proxies.go:44.2,45.16 2 1
flowpilot/internal/database/db_proxies.go:45.16,47.3 1 0
flowpilot/internal/database/db_proxies.go:49.2,55.16 2 1
flowpilot/internal/database/db_proxies.go:55.16,57.3 1 0
flowpilot/internal/database/db_proxies.go:58.2,58.12 1 1
flowpilot/internal/database/db_proxies.go:61.72,64.16 2 1
flowpilot/internal/database/db_proxies.go:64.16,66.3 1 0
flowpilot/internal/database/db_proxies.go:67.2,70.18 3 1
flowpilot/internal/database/db_proxies.go:70.18,72.17 2 1
flowpilot/internal/database/db_proxies.go:72.17,74.4 1 0
flowpilot/internal/database/db_proxies.go:75.3,75.32 1 1
flowpilot/internal/database/db_proxies.go:77.2,77.35 1 1
flowpilot/internal/database/db_proxies.go:77.35,79.3 1 0
flowpilot/internal/database/db_proxies.go:80.2,80.21 1 1
flowpilot/internal/database/db_proxies.go:83.79,86.16 2 1
flowpilot/internal/database/db_proxies.go:86.16,88.3 1 0
flowpilot/internal/database/db_proxies.go:89.2,92.18 3 1
flowpilot/internal/database/db_proxies.go:92.18,94.17 2 1
flowpilot/internal/database/db_proxies.go:94.17,96.4 1 0
flowpilot/internal/database/db_proxies.go:97.3,97.32 1 1
flowpilot/internal/database/db_proxies.go:99.2,99.35 1 1
flowpilot/internal/database/db_proxies.go:99.35,101.3 1 0
flowpilot/internal/database/db_proxies.go:102.2,102.21 1 1
flowpilot/internal/database/db_proxies.go:105.111,109.16 3 1
flowpilot/internal/database/db_proxies.go:109.16,111.3 1 0
flowpilot/internal/database/db_proxies.go:112.2,113.16 2 1
flowpilot/internal/database/db_proxies.go:113.16,115.3 1 0
flowpilot/internal/database/db_proxies.go:116.2,116.12 1 1
flowpilot/internal/database/db_proxies.go:116.12,118.3 1 1
flowpilot/internal/database/db_proxies.go:119.2,119.12 1 1
flowpilot/internal/database/db_proxies.go:122.87,124.13 2 1
flowpilot/internal/database/db_proxies.go:124.13,127.3 1 1
flowpilot/internal/database/db_proxies.go:127.8,130.3 1 1
flowpilot/internal/database/db_proxies.go:131.2,131.16 1 1
flowpilot/internal/database/db_proxies.go:131.16,133.3 1 0
flowpilot/internal/database/db_proxies.go:134.2,134.12 1 1
flowpilot/internal/database/db_proxies.go:137.65,139.16 2 1
flowpilot/internal/database/db_proxies.go:139.16,141.3 1 0
flowpilot/internal/database/db_proxies.go:142.2,143.16 2 1
flowpilot/internal/database/db_proxies.go:143.16,145.3 1 0
flowpilot/internal/database/db_proxies.go:146.2,146.12 1 1
flowpilot/internal/database/db_proxies.go:146.12,148.3 1 1
flowpilot/internal/database/db_proxies.go:149.2,149.12 1 1
flowpilot/internal/database/db_proxy_presets.go:10.101,14.16 2 1
flowpilot/internal/database/db_proxy_presets.go:14.16,16.3 1 0
flowpilot/internal/database/db_proxy_presets.go:17.2,17.12 1 1
flowpilot/internal/database/db_proxy_presets.go:20.97,23.16 2 1
flowpilot/internal/database/db_proxy_presets.go:23.16,25.3 1 0
flowpilot/internal/database/db_proxy_presets.go:26.2,29.18 3 1
flowpilot/internal/database/db_proxy_presets.go:29.18,32.133 3 1
flowpilot/internal/database/db_proxy_presets.go:32.133,34.4 1 0
flowpilot/internal/database/db_proxy_presets.go:35.3,36.36 2 1
flowpilot/internal/database/db_proxy_presets.go:38.2,38.35 1 1
flowpilot/internal/database/db_proxy_presets.go:38.35,40.3 1 0
flowpilot/internal/database/db_proxy_presets.go:41.2,41.21 1 1
flowpilot/internal/database/db_proxy_presets.go:44.78,46.16 2 1
flowpilot/internal/database/db_proxy_presets.go:46.16,48.3 1 0
flowpilot/internal/database/db_proxy_presets.go:49.2,50.16 2 1
flowpilot/internal/database/db_proxy_presets.go:50.16,52.3 1 0
flowpilot/internal/database/db_proxy_presets.go:53.2,53.15 1 1
flowpilot/internal/database/db_proxy_presets.go:53.15,55.3 1 1
flowpilot/internal/database/db_proxy_presets.go:56.2,56.12 1 1
flowpilot/internal/database/db_proxy_presets.go:59.28,60.7 1 1
flowpilot/internal/database/db_proxy_presets.go:60.7,62.3 1 1
flowpilot/internal/database/db_proxy_presets.go:63.2,63.10 1 1
flowpilot/internal/database/db_retention.go:9.86,13.16 3 1
flowpilot/internal/database/db_retention.go:13.16,15.3 1 0
flowpilot/internal/database/db_retention.go:17.2,30.34 4 1
flowpilot/internal/database/db_retention.go:30.34,32.17 2 1
flowpilot/internal/database/db_retention.go:32.17,35.4 2 0
flowpilot/internal/database/db_retention.go:36.3,36.40 1 1
flowpilot/internal/database/db_retention.go:36.40,38.4 1 1
flowpilot/internal/database/db_retention.go:41.2,41.36 1 1
flowpilot/internal/database/db_retention.go:41.36,43.3 1 0
flowpilot/internal/database/db_retention.go:44.2,44.19 1 1
flowpilot/internal/database/db_schedules.go:14.67,27.16 6 1
flowpilot/internal/database/db_schedules.go:27.16,29.3 1 1
flowpilot/internal/database/db_schedules.go:31.2,34.21 3 1
flowpilot/internal/database/db_schedules.go:34.21,36.3 1 1
flowpilot/internal/database/db_schedules.go:37.2,37.21 1 1
flowpilot/internal/database/db_schedules.go:37.21,39.3 1 1
flowpilot/internal/database/db_schedules.go:41.2,41.20 1 1
flowpilot/internal/database/db_schedules.go:41.20,42.67 1 1
flowpilot/internal/database/db_schedules.go:42.67,44.4 1 0
flowpilot/internal/database/db_schedules.go:47.2,47.72 1 1
flowpilot/internal/database/db_schedules.go:47.72,49.3 1 1
flowpilot/internal/database/db_schedules.go:50.2,50.72 1 1
flowpilot/internal/database/db_schedules.go:50.72,52.3 1 1
flowpilot/internal/database/db_schedules.go:54.2,54.16 1 1
flowpilot/internal/database/db_schedules.go:57.76,59.16 2 1
flowpilot/internal/database/db_schedules.go:59.16,61.3 1 0
flowpilot/internal/database/db_schedules.go:63.2,64.16 2 1
flowpilot/internal/database/db_schedules.go:64.16,66.3 1 0
flowpilot/internal/database/db_schedules.go:67.2,68.16 2 1
flowpilot/internal/database/db_schedules.go:68.16,70.3 1 0
flowpilot/internal/database/db_schedules.go:72.2,73.17 2 1
flowpilot/internal/database/db_schedules.go:73.17,75.3 1 0
flowpilot/internal/database/db_schedules.go:76.2,77.16 2 1
flowpilot/internal/database/db_schedules.go:77.16,79.3 1 1
flowpilot/internal/database/db_schedules.go:81.2,89.16 2 1
flowpilot/internal/database/db_schedules.go:89.16,91.3 1 0
flowpilot/internal/database/db_schedules.go:92.2,92.12 1 1
flowpilot/internal/database/db_schedules.go:95.85,100.16 3 1
flowpilot/internal/database/db_schedules.go:100.16,102.3 1 1
flowpilot/internal/database/db_schedules.go:103.2,103.15 1 1
flowpilot/internal/database/db_schedules.go:106.77,110.16 2 1
flowpilot/internal/database/db_schedules.go:110.16,112.3 1 0
flowpilot/internal/database/db_schedules.go:113.2,116.18 3 1
flowpilot/internal/database/db_schedules.go:116.18,118.17 2 1
flowpilot/internal/database/db_schedules.go:118.17,120.4 1 0
flowpilot/internal/database/db_schedules.go:121.3,121.36 1 1
flowpilot/internal/database/db_schedules.go:123.2,123.35 1 1
flowpilot/internal/database/db_schedules.go:123.35,125.3 1 0
flowpilot/internal/database/db_schedules.go:126.2,126.23 1 1
flowpilot/internal/database/db_schedules.go:129.76,131.16 2 1
flowpilot/internal/database/db_schedules.go:131.16,133.3 1 0
flowpilot/internal/database/db_schedules.go:135.2,136.16 2 1
flowpilot/internal/database/db_schedules.go:136.16,138.3 1 0
flowpilot/internal/database/db_schedules.go:139.2,140.16 2 1
flowpilot/internal/database/db_schedules.go:140.16,142.3 1 0
flowpilot/internal/database/db_schedules.go:144.2,145.17 2 1
flowpilot/internal/database/db_schedules.go:145.17,147.3 1 0
flowpilot/internal/database/db_schedules.go:148.2,149.16 2 1
flowpilot/internal/database/db_schedules.go:149.16,151.3 1 1
flowpilot/internal/database/db_schedules.go:153.2,161.16 2 1
flowpilot/internal/database/db_schedules.go:161.16,163.3 1 0
flowpilot/internal/database/db_schedules.go:164.2,165.16 2 1
flowpilot/internal/database/db_schedules.go:165.16,167.3 1 0
flowpilot/internal/database/db_schedules.go:168.2,168.12 1 1
flowpilot/internal/database/db_schedules.go:168.12,170.3 1 0
flowpilot/internal/database/db_schedules.go:171.2,171.12 1 1
flowpilot/internal/database/db_schedules.go:174.68,176.16 2 1
flowpilot/internal/database/db_schedules.go:176.16,178.3 1 0
flowpilot/internal/database/db_schedules.go:179.2,180.16 2 1
flowpilot/internal/database/db_schedules.go:180.16,182.3 1 0
flowpilot/internal/database/db_schedules.go:183.2,183.12 1 1
flowpilot/internal/database/db_schedules.go:183.12,185.3 1 0
flowpilot/internal/database/db_schedules.go:186.2,186.12 1 1
flowpilot/internal/database/db_schedules.go:189.95,194.16 2 1
flowpilot/internal/database/db_schedules.go:194.16,196.3 1 0
flowpilot/internal/database/db_schedules.go:197.2,200.18 3 1
flowpilot/internal/database/db_schedules.go:200.18,202.17 2 1
flowpilot/internal/database/db_schedules.go:202.17,204.4 1 0
flowpilot/internal/database/db_schedules.go:205.3,205.36 1 1
flowpilot/internal/database/db_schedules.go:207.2,207.35 1 1
flowpilot/internal/database/db_schedules.go:207.35,209.3 1 0
flowpilot/internal/database/db_schedules.go:210.2,210.23 1 1
flowpilot/internal/database/db_schedules.go:213.99,217.16 2 1
flowpilot/internal/database/db_schedules.go:217.16,219.3 1 0
flowpilot/internal/database/db_schedules.go:220.2,221.16 2 1
flowpilot/internal/database/db_schedules.go:221.16,223.3 1 0
flowpilot/internal/database/db_schedules.go:224.2,224.12 1 1
flowpilot/internal/database/db_schedules.go:224.12,226.3 1 0
flowpilot/internal/database/db_schedules.go:227.2,227.12 1 1
flowpilot/internal/database/db_tasks.go:26.59,38.16 6 1
flowpilot/internal/database/db_tasks.go:38.16,40.3 1 1
flowpilot/internal/database/db_tasks.go:42.2,42.21 1 1
flowpilot/internal/database/db_tasks.go:42.21,44.3 1 1
flowpilot/internal/database/db_tasks.go:45.2,45.23 1 1
flowpilot/internal/database/db_tasks.go:45.23,47.3 1 1
flowpilot/internal/database/db_tasks.go:49.2,51.21 2 1
flowpilot/internal/database/db_tasks.go:51.21,52.69 1 1
flowpilot/internal/database/db_tasks.go:52.69,54.4 1 1
flowpilot/internal/database/db_tasks.go:56.2,56.22 1 1
flowpilot/internal/database/db_tasks.go:56.22,58.69 2 1
flowpilot/internal/database/db_tasks.go:58.69,60.4 1 1
flowpilot/internal/database/db_tasks.go:61.3,61.21 1 1
flowpilot/internal/database/db_tasks.go:63.2,63.20 1 1
flowpilot/internal/database/db_tasks.go:63.20,64.67 1 1
flowpilot/internal/database/db_tasks.go:64.67,66.4 1 1
flowpilot/internal/database/db_tasks.go:68.2,68.29 1 1
flowpilot/internal/database/db_tasks.go:68.29,70.76 2 1
flowpilot/internal/database/db_tasks.go:70.76,72.4 1 0
flowpilot/internal/database/db_tasks.go:73.3,73.28 1 1
flowpilot/internal/database/db_tasks.go:76.2,76.66 1 1
flowpilot/internal/database/db_tasks.go:76.66,78.3 1 1
flowpilot/internal/database/db_tasks.go:79.2,79.66 1 1
flowpilot/internal/database/db_tasks.go:79.66,81.3 1 1
flowpilot/internal/database/db_tasks.go:83.2,83.16 1 1
flowpilot/internal/database/db_tasks.go:86.65,88.2 1 1
flowpilot/internal/database/db_tasks.go:90.66,102.16 6 1
flowpilot/internal/database/db_tasks.go:102.16,104.3 1 0
flowpilot/internal/database/db_tasks.go:106.2,106.21 1 1
flowpilot/internal/database/db_tasks.go:106.21,108.3 1 0
flowpilot/internal/database/db_tasks.go:109.2,109.23 1 1
flowpilot/internal/database/db_tasks.go:109.23,111.3 1 0
flowpilot/internal/database/db_tasks.go:113.2,115.20 2 1
flowpilot/internal/database/db_tasks.go:115.20,116.67 1 1
flowpilot/internal/database/db_tasks.go:116.67,118.4 1 0
flowpilot/internal/database/db_tasks.go:120.2,120.29 1 1
flowpilot/internal/database/db_tasks.go:120.29,122.76 2 1
flowpilot/internal/database/db_tasks.go:122.76,124.4 1 0
flowpilot/internal/database/db_tasks.go:125.3,125.28 1 1
flowpilot/internal/database/db_tasks.go:128.2,128.16 1 1
flowpilot/internal/database/db_tasks.go:131.72,133.2 1 1
flowpilot/internal/database/db_tasks.go:135.71,137.16 2 1
flowpilot/internal/database/db_tasks.go:137.16,139.3 1 0
flowpilot/internal/database/db_tasks.go:140.2,141.16 2 1
flowpilot/internal/database/db_tasks.go:141.16,143.3 1 0
flowpilot/internal/database/db_tasks.go:144.2,145.16 2 1
flowpilot/internal/database/db_tasks.go:145.16,147.3 1 0
flowpilot/internal/database/db_tasks.go:149.2,150.16 2 1
flowpilot/internal/database/db_tasks.go:150.16,152.3 1 0
flowpilot/internal/database/db_tasks.go:153.2,154.16 2 1
flowpilot/internal/database/db_tasks.go:154.16,156.3 1 0
flowpilot/internal/database/db_tasks.go:158.2,159.20 2 1
flowpilot/internal/database/db_tasks.go:159.20,161.3 1 1
flowpilot/internal/database/db_tasks.go:163.2,170.16 2 1
flowpilot/internal/database/db_tasks.go:170.16,172.3 1 1
flowpilot/internal/database/db_tasks.go:173.2,173.12 1 1
flowpilot/internal/database/db_tasks.go:176.85,178.16 2 1
flowpilot/internal/database/db_tasks.go:178.16,180.3 1 0
flowpilot/internal/database/db_tasks.go:181.2,182.16 2 1
flowpilot/internal/database/db_tasks.go:182.16,184.3 1 0
flowpilot/internal/database/db_tasks.go:185.2,186.16 2 1
flowpilot/internal/database/db_tasks.go:186.16,188.3 1 0
flowpilot/internal/database/db_tasks.go:190.2,191.16 2 1
flowpilot/internal/database/db_tasks.go:191.16,193.3 1 0
flowpilot/internal/database/db_tasks.go:194.2,195.16 2 1
flowpilot/internal/database/db_tasks.go:195.16,197.3 1 0
flowpilot/internal/database/db_tasks.go:199.2,200.20 2 1
flowpilot/internal/database/db_tasks.go:200.20,202.3 1 1
flowpilot/internal/database/db_tasks.go:204.2,211.16 2 1
flowpilot/internal/database/db_tasks.go:211.16,213.3 1 0
flowpilot/internal/database/db_tasks.go:214.2,214.12 1 1
flowpilot/internal/database/db_tasks.go:217.77,222.16 3 1
flowpilot/internal/database/db_tasks.go:222.16,224.3 1 1
flowpilot/internal/database/db_tasks.go:225.2,225.18 1 1
flowpilot/internal/database/db_tasks.go:228.69,232.16 2 1
flowpilot/internal/database/db_tasks.go:232.16,234.3 1 0
flowpilot/internal/database/db_tasks.go:235.2,238.18 3 1
flowpilot/internal/database/db_tasks.go:238.18,240.17 2 1
flowpilot/internal/database/db_tasks.go:240.17,242.4 1 1
flowpilot/internal/database/db_tasks.go:243.3,243.31 1 1
flowpilot/internal/database/db_tasks.go:245.2,245.35 1 1
flowpilot/internal/database/db_tasks.go:245.35,247.3 1 0
flowpilot/internal/database/db_tasks.go:248.2,248.19 1 1
flowpilot/internal/database/db_tasks.go:251.103,255.16 2 1
flowpilot/internal/database/db_tasks.go:255.16,257.3 1 0
flowpilot/internal/database/db_tasks.go:258.2,261.18 3 1
flowpilot/internal/database/db_tasks.go:261.18,263.17 2 1
flowpilot/internal/database/db_tasks.go:263.17,265.4 1 1
flowpilot/internal/database/db_tasks.go:266.3,266.31 1 1
flowpilot/internal/database/db_tasks.go:268.2,268.35 1 1
flowpilot/internal/database/db_tasks.go:268.35,270.3 1 0
flowpilot/internal/database/db_tasks.go:271.2,271.19 1 1
flowpilot/internal/database/db_tasks.go:274.111,277.136 3 1
flowpilot/internal/database/db_tasks.go:277.136,279.3 1 1
flowpilot/internal/database/db_tasks.go:281.2,284.16 4 1
flowpilot/internal/database/db_tasks.go:285.32,286.115 1 1
flowpilot/internal/database/db_tasks.go:287.59,288.136 1 1
flowpilot/internal/database/db_tasks.go:289.10,290.113 1 1
flowpilot/internal/database/db_tasks.go:292.2,292.16 1 1
flowpilot/internal/database/db_tasks.go:292.16,294.3 1 0
flowpilot/internal/database/db_tasks.go:295.2,296.16 2 1
flowpilot/internal/database/db_tasks.go:296.16,298.3 1 0
flowpilot/internal/database/db_tasks.go:299.2,299.12 1 1
flowpilot/internal/database/db_tasks.go:299.12,301.3 1 0
flowpilot/internal/database/db_tasks.go:303.2,312.67 2 1
flowpilot/internal/database/db_tasks.go:312.67,314.3 1 0
flowpilot/internal/database/db_tasks.go:316.2,316.12 1 1
flowpilot/internal/database/db_tasks.go:319.96,321.16 2 1
flowpilot/internal/database/db_tasks.go:321.16,323.3 1 0
flowpilot/internal/database/db_tasks.go:324.2,325.16 2 1
flowpilot/internal/database/db_tasks.go:325.16,327.3 1 0
flowpilot/internal/database/db_tasks.go:328.2,329.16 2 1
flowpilot/internal/database/db_tasks.go:329.16,331.3 1 0
flowpilot/internal/database/db_tasks.go:332.2,332.12 1 1
flowpilot/internal/database/db_tasks.go:332.12,334.3 1 1
flowpilot/internal/database/db_tasks.go:335.2,335.12 1 1
flowpilot/internal/database/db_tasks.go:338.68,340.16 2 1
flowpilot/internal/database/db_tasks.go:340.16,342.3 1 0
flowpilot/internal/database/db_tasks.go:343.2,344.16 2 1
flowpilot/internal/database/db_tasks.go:344.16,346.3 1 0
flowpilot/internal/database/db_tasks.go:347.2,347.12 1 1
flowpilot/internal/database/db_tasks.go:347.12,349.3 1 1
flowpilot/internal/database/db_tasks.go:350.2,350.12 1 1
flowpilot/internal/database/db_tasks.go:353.69,355.16 2 1
flowpilot/internal/database/db_tasks.go:355.16,357.3 1 0
flowpilot/internal/database/db_tasks.go:358.2,359.16 2 1
flowpilot/internal/database/db_tasks.go:359.16,361.3 1 0
flowpilot/internal/database/db_tasks.go:362.2,362.12 1 1
flowpilot/internal/database/db_tasks.go:362.12,364.3 1 1
flowpilot/internal/database/db_tasks.go:365.2,365.12 1 1
flowpilot/internal/database/db_tasks.go:368.231,370.16 2 1
flowpilot/internal/database/db_tasks.go:370.16,372.3 1 0
flowpilot/internal/database/db_tasks.go:373.2,374.16 2 1
flowpilot/internal/database/db_tasks.go:374.16,376.3 1 0
flowpilot/internal/database/db_tasks.go:377.2,378.16 2 1
flowpilot/internal/database/db_tasks.go:378.16,380.3 1 0
flowpilot/internal/database/db_tasks.go:382.2,383.16 2 1
flowpilot/internal/database/db_tasks.go:383.16,385.3 1 0
flowpilot/internal/database/db_tasks.go:386.2,387.16 2 1
flowpilot/internal/database/db_tasks.go:387.16,389.3 1 0
flowpilot/internal/database/db_tasks.go:391.2,394.16 2 1
flowpilot/internal/database/db_tasks.go:394.16,396.3 1 0
flowpilot/internal/database/db_tasks.go:397.2,398.16 2 1
flowpilot/internal/database/db_tasks.go:398.16,400.3 1 0
flowpilot/internal/database/db_tasks.go:401.2,401.12 1 1
flowpilot/internal/database/db_tasks.go:401.12,403.20 2 1
flowpilot/internal/database/db_tasks.go:403.20,405.4 1 1
flowpilot/internal/database/db_tasks.go:406.3,406.68 1 1
flowpilot/internal/database/db_tasks.go:408.2,408.12 1 1
flowpilot/internal/database/db_tasks.go:411.64,413.16 2 1
flowpilot/internal/database/db_tasks.go:413.16,415.3 1 0
flowpilot/internal/database/db_tasks.go:416.2,418.94 2 1
flowpilot/internal/database/db_tasks.go:418.94,420.3 1 0
flowpilot/internal/database/db_tasks.go:421.2,421.97 1 1
flowpilot/internal/database/db_tasks.go:421.97,423.3 1 0
flowpilot/internal/database/db_tasks.go:424.2,424.96 1 1
flowpilot/internal/database/db_tasks.go:424.96,426.3 1 0
flowpilot/internal/database/db_tasks.go:428.2,429.16 2 1
flowpilot/internal/database/db_tasks.go:429.16,431.3 1 0
flowpilot/internal/database/db_tasks.go:432.2,433.16 2 1
flowpilot/internal/database/db_tasks.go:433.16,435.3 1 0
flowpilot/internal/database/db_tasks.go:436.2,436.12 1 1
flowpilot/internal/database/db_tasks.go:436.12,438.3 1 1
flowpilot/internal/database/db_tasks.go:439.2,439.20 1 1
flowpilot/internal/database/db_tasks.go:442.73,444.16 2 1
flowpilot/internal/database/db_tasks.go:444.16,446.3 1 0
flowpilot/internal/database/db_tasks.go:447.2,450.18 3 1
flowpilot/internal/database/db_tasks.go:450.18,453.52 3 1
flowpilot/internal/database/db_tasks.go:453.52,455.4 1 0
flowpilot/internal/database/db_tasks.go:456.3,456.24 1 1
flowpilot/internal/database/db_tasks.go:458.2,458.35 1 1
flowpilot/internal/database/db_tasks.go:458.35,460.3 1 0
flowpilot/internal/database/db_tasks.go:461.2,461.19 1 1
flowpilot/internal/database/db_tasks.go:464.133,465.14 1 1
flowpilot/internal/database/db_tasks.go:465.14,467.3 1 1
flowpilot/internal/database/db_tasks.go:468.2,468.36 1 1
flowpilot/internal/database/db_tasks.go:468.36,470.3 1 1
flowpilot/internal/database/db_tasks.go:472.2,474.37 3 1
flowpilot/internal/database/db_tasks.go:474.37,477.3 2 1
flowpilot/internal/database/db_tasks.go:478.2,478.15 1 1
flowpilot/internal/database/db_tasks.go:478.15,482.3 3 1
flowpilot/internal/database/db_tasks.go:484.2,486.91 3 1
flowpilot/internal/database/db_tasks.go:486.91,488.3 1 0
flowpilot/internal/database/db_tasks.go:490.2,501.16 8 1
flowpilot/internal/database/db_tasks.go:501.16,503.3 1 0
flowpilot/internal/database/db_tasks.go:504.2,507.18 3 1
flowpilot/internal/database/db_tasks.go:507.18,509.17 2 1
flowpilot/internal/database/db_tasks.go:509.17,511.4 1 0
flowpilot/internal/database/db_tasks.go:512.3,512.31 1 1
flowpilot/internal/database/db_tasks.go:514.2,514.35 1 1
flowpilot/internal/database/db_tasks.go:514.35,516.3 1 0
flowpilot/internal/database/db_tasks.go:518.2,524.8 1 1
flowpilot/internal/database/db_tasks.go:529.74,534.16 2 1
flowpilot/internal/database/db_tasks.go:534.16,536.3 1 0
flowpilot/internal/database/db_tasks.go:537.2,540.18 3 1
flowpilot/internal/database/db_tasks.go:540.18,542.17 2 1
flowpilot/internal/database/db_tasks.go:542.17,544.4 1 0
flowpilot/internal/database/db_tasks.go:545.3,545.31 1 1
flowpilot/internal/database/db_tasks.go:547.2,547.35 1 1
flowpilot/internal/database/db_tasks.go:547.35,549.3 1 0
flowpilot/internal/database/db_tasks.go:550.2,550.19 1 1
flowpilot/internal/database/db_tasks.go:554.96,555.23 1 1
flowpilot/internal/database/db_tasks.go:555.23,557.3 1 1
flowpilot/internal/database/db_tasks.go:559.2,560.16 2 1
flowpilot/internal/database/db_tasks.go:560.16,562.3 1 0
flowpilot/internal/database/db_tasks.go:563.2,566.16 3 1
flowpilot/internal/database/db_tasks.go:566.16,568.3 1 0
flowpilot/internal/database/db_tasks.go:569.2,571.16 3 1
flowpilot/internal/database/db_tasks.go:571.16,573.3 1 0
flowpilot/internal/database/db_tasks.go:574.2,576.16 3 1
flowpilot/internal/database/db_tasks.go:576.16,578.3 1 0
flowpilot/internal/database/db_tasks.go:579.2,581.16 3 1
flowpilot/internal/database/db_tasks.go:581.16,583.3 1 0
flowpilot/internal/database/db_tasks.go:584.2,587.33 3 1
flowpilot/internal/database/db_tasks.go:587.33,590.143 3 1
flowpilot/internal/database/db_tasks.go:590.143,592.4 1 0
flowpilot/internal/database/db_tasks.go:594.3,595.139 1 1
flowpilot/internal/database/db_tasks.go:595.139,596.12 1 0
flowpilot/internal/database/db_tasks.go:599.3,601.10 3 1
flowpilot/internal/database/db_tasks.go:602.30,603.83 1 0
flowpilot/internal/database/db_tasks.go:604.50,605.78 1 1
flowpilot/internal/database/db_tasks.go:606.143,607.93 1 1
flowpilot/internal/database/db_tasks.go:608.11,609.87 1 0
flowpilot/internal/database/db_tasks.go:611.3,611.17 1 1
flowpilot/internal/database/db_tasks.go:611.17,613.4 1 0
flowpilot/internal/database/db_tasks.go:614.3,615.17 2 1
flowpilot/internal/database/db_tasks.go:615.17,617.4 1 0
flowpilot/internal/database/db_tasks.go:618.3,618.13 1 1
flowpilot/internal/database/db_tasks.go:618.13,620.4 1 0
flowpilot/internal/database/db_tasks.go:622.3,630.5 1 1
flowpilot/internal/database/db_tasks.go:633.2,633.60 1 1
flowpilot/internal/database/db_tasks.go:633.60,635.3 1 0
flowpilot/internal/database/db_tasks.go:636.2,636.36 1 1
flowpilot/internal/database/db_tasks.go:636.36,638.3 1 0
flowpilot/internal/database/db_tasks.go:639.2,639.12 1 1
flowpilot/internal/database/db_tasks.go:642.123,643.23 1 1
flowpilot/internal/database/db_tasks.go:643.23,645.3 1 1
flowpilot/internal/database/db_tasks.go:646.2,647.29 2 1
flowpilot/internal/database/db_tasks.go:647.29,649.3 1 1
flowpilot/internal/database/db_tasks.go:650.2,650.52 1 1
flowpilot/internal/database/db_vision.go:11.88,14.16 2 1
flowpilot/internal/database/db_vision.go:14.16,16.3 1 0
flowpilot/internal/database/db_vision.go:17.2,17.12 1 1
flowpilot/internal/database/db_vision.go:20.97,24.26 3 1
flowpilot/internal/database/db_vision.go:24.26,26.3 1 1
flowpilot/internal/database/db_vision.go:27.2,27.16 1 1
flowpilot/internal/database/db_vision.go:27.16,29.3 1 0
flowpilot/internal/database/db_vision.go:30.2,30.16 1 1
flowpilot/internal/database/db_vision.go:33.89,35.16 2 1
flowpilot/internal/database/db_vision.go:35.16,37.3 1 0
flowpilot/internal/database/db_vision.go:38.2,41.18 3 1
flowpilot/internal/database/db_vision.go:41.18,43.124 2 1
flowpilot/internal/database/db_vision.go:43.124,45.4 1 0
flowpilot/internal/database/db_vision.go:46.3,46.35 1 1
flowpilot/internal/database/db_vision.go:48.2,48.35 1 1
flowpilot/internal/database/db_vision.go:48.35,50.3 1 0
flowpilot/internal/database/db_vision.go:51.2,51.23 1 1
flowpilot/internal/database/db_vision.go:54.74,56.16 2 1
flowpilot/internal/database/db_vision.go:56.16,58.3 1 0
flowpilot/internal/database/db_vision.go:59.2,60.16 2 1
flowpilot/internal/database/db_vision.go:60.16,62.3 1 0
flowpilot/internal/database/db_vision.go:63.2,63.12 1 1
flowpilot/internal/database/db_vision.go:63.12,65.3 1 0
flowpilot/internal/database/db_vision.go:66.2,66.12 1 1
flowpilot/internal/database/db_vision.go:69.80,71.14 2 1
flowpilot/internal/database/db_vision.go:71.14,73.3 1 1
flowpilot/internal/database/db_vision.go:74.2,76.16 2 1
flowpilot/internal/database/db_vision.go:76.16,78.3 1 0
flowpilot/internal/database/db_vision.go:79.2,79.12 1 1
flowpilot/internal/database/db_vision.go:82.89,87.26 4 1
flowpilot/internal/database/db_vision.go:87.26,89.3 1 0
flowpilot/internal/database/db_vision.go:90.2,90.16 1 1
flowpilot/internal/database/db_vision.go:90.16,92.3 1 0
flowpilot/internal/database/db_vision.go:93.2,94.16 2 1
flowpilot/internal/database/db_vision.go:97.100,99.16 2 1
flowpilot/internal/database/db_vision.go:99.16,101.3 1 0
flowpilot/internal/database/db_vision.go:102.2,105.18 3 1
flowpilot/internal/database/db_vision.go:105.18,108.197 3 1
flowpilot/internal/database/db_vision.go:108.197,110.4 1 0
flowpilot/internal/database/db_vision.go:111.3,112.27 2 1
flowpilot/internal/database/db_vision.go:114.2,114.35 1 1
flowpilot/internal/database/db_vision.go:114.35,116.3 1 0
flowpilot/internal/database/db_vision.go:117.2,117.19 1 1
flowpilot/internal/database/db_vision.go:120.102,122.16 2 1
flowpilot/internal/database/db_vision.go:122.16,124.3 1 0
flowpilot/internal/database/db_vision.go:125.2,128.18 3 1
flowpilot/internal/database/db_vision.go:128.18,131.197 3 1
flowpilot/internal/database/db_vision.go:131.197,133.4 1 0
flowpilot/internal/database/db_vision.go:134.3,135.27 2 1
flowpilot/internal/database/db_vision.go:137.2,137.35 1 1
flowpilot/internal/database/db_vision.go:137.35,139.3 1 0
flowpilot/internal/database/db_vision.go:140.2,140.19 1 1
flowpilot/internal/database/db_vision.go:143.70,145.16 2 1
flowpilot/internal/database/db_vision.go:145.16,147.3 1 0
flowpilot/internal/database/db_vision.go:148.2,149.16 2 1
flowpilot/internal/database/db_vision.go:149.16,151.3 1 0
flowpilot/internal/database/db_vision.go:152.2,152.12 1 1
flowpilot/internal/database/db_vision.go:152.12,154.3 1 0
flowpilot/internal/database/db_vision.go:155.2,155.12 1 1
flowpilot/internal/database/sqlite.go:19.32,19.54 1 0
flowpilot/internal/database/sqlite.go:22.38,25.16 3 1
flowpilot/internal/database/sqlite.go:25.16,27.3 1 0
flowpilot/internal/database/sqlite.go:29.2,33.16 4 1
flowpilot/internal/database/sqlite.go:33.16,36.3 2 0
flowpilot/internal/database/sqlite.go:37.2,43.46 4 1
flowpilot/internal/database/sqlite.go:43.46,48.3 4 1
flowpilot/internal/database/sqlite.go:50.2,50.37 1 1
flowpilot/internal/database/sqlite.go:50.37,54.3 3 1
flowpilot/internal/database/sqlite.go:56.2,56.16 1 1
flowpilot/internal/database/sqlite.go:60.29,63.21 3 1
flowpilot/internal/database/sqlite.go:63.21,65.3 1 0
flowpilot/internal/database/sqlite.go:66.2,66.16 1 1
flowpilot/internal/database/sqlite.go:69.31,289.16 3 1
flowpilot/internal/database/sqlite.go:289.16,291.3 1 1
flowpilot/internal/database/sqlite.go:292.2,292.162 1 1
flowpilot/internal/database/sqlite.go:292.162,294.3 1 0
flowpilot/internal/database/sqlite.go:296.2,296.12 1 1
flowpilot/internal/database/sqlite.go:299.61,301.16 2 1
flowpilot/internal/database/sqlite.go:301.16,303.3 1 0
flowpilot/internal/database/sqlite.go:304.2,304.16 1 1
flowpilot/internal/localproxy/manager.go:39.53,40.22 1 1
flowpilot/internal/localproxy/manager.go:40.22,42.3 1 1
flowpilot/internal/localproxy/manager.go:43.2,50.10 4 1
flowpilot/internal/localproxy/manager.go:53.49,55.2 1 1
flowpilot/internal/localproxy/manager.go:57.80,58.41 1 1
flowpilot/internal/localproxy/manager.go:58.41,60.3 1 1
flowpilot/internal/localproxy/manager.go:61.2,64.58 3 1
flowpilot/internal/localproxy/manager.go:64.58,70.3 5 1
flowpilot/internal/localproxy/manager.go:71.2,74.16 3 1
flowpilot/internal/localproxy/manager.go:74.16,76.3 1 0
flowpilot/internal/localproxy/manager.go:77.2,78.16 2 1
flowpilot/internal/localproxy/manager.go:78.16,81.3 2 0
flowpilot/internal/localproxy/manager.go:82.2,83.16 2 1
flowpilot/internal/localproxy/manager.go:83.16,86.3 2 0
flowpilot/internal/localproxy/manager.go:87.2,90.64 3 1
flowpilot/internal/localproxy/manager.go:90.64,94.3 3 0
flowpilot/internal/localproxy/manager.go:95.2,101.144 6 1
flowpilot/internal/localproxy/manager.go:104.54,106.42 2 1
flowpilot/internal/localproxy/manager.go:106.42,108.3 1 0
flowpilot/internal/localproxy/manager.go:109.2,109.52 1 1
flowpilot/internal/localproxy/manager.go:112.59,114.6 2 1
flowpilot/internal/localproxy/manager.go:114.6,116.17 2 1
flowpilot/internal/localproxy/manager.go:116.17,120.16 4 1
flowpilot/internal/localproxy/manager.go:120.16,122.5 1 1
flowpilot/internal/localproxy/manager.go:123.4,123.10 1 0
flowpilot/internal/localproxy/manager.go:125.3,130.13 6 0
flowpilot/internal/localproxy/manager.go:130.13,133.109 3 0
flowpilot/internal/localproxy/manager.go:133.109,134.137 1 0
flowpilot/internal/localproxy/manager.go:134.137,136.6 1 0
flowpilot/internal/localproxy/manager.go:136.11,136.142 1 0
flowpilot/internal/localproxy/manager.go:136.142,138.6 1 0
flowpilot/internal/localproxy/manager.go:140.4,141.24 2 0
flowpilot/internal/localproxy/manager.go:141.24,143.5 1 0
flowpilot/internal/localproxy/manager.go:144.4,145.17 2 0
flowpilot/internal/localproxy/manager.go:150.28,154.6 4 1
flowpilot/internal/localproxy/manager.go:154.6,155.10 1 1
flowpilot/internal/localproxy/manager.go:156.19,157.17 1 0
flowpilot/internal/localproxy/manager.go:158.19,159.10 1 1
flowpilot/internal/localproxy/manager.go:164.31,168.38 4 1
flowpilot/internal/localproxy/manager.go:168.38,169.41 1 1
flowpilot/internal/localproxy/manager.go:169.41,170.12 1 0
flowpilot/internal/localproxy/manager.go:172.3,172.46 1 1
flowpilot/internal/localproxy/manager.go:172.46,173.12 1 0
flowpilot/internal/localproxy/manager.go:175.3,177.27 3 1
flowpilot/internal/localproxy/manager.go:181.26,184.38 3 1
flowpilot/internal/localproxy/manager.go:184.38,188.3 3 1
flowpilot/internal/localproxy/manager.go:189.2,190.13 2 1
flowpilot/internal/localproxy/manager.go:193.79,197.28 4 1
flowpilot/internal/localproxy/manager.go:197.28,198.86 1 1
flowpilot/internal/localproxy/manager.go:198.86,200.4 1 1
flowpilot/internal/localproxy/manager.go:202.2,202.14 1 1
flowpilot/internal/localproxy/manager.go:205.48,209.16 4 1
flowpilot/internal/localproxy/manager.go:209.16,211.3 1 1
flowpilot/internal/localproxy/manager.go:214.52,218.16 4 1
flowpilot/internal/localproxy/manager.go:218.16,220.3 1 1
flowpilot/internal/localproxy/manager.go:223.57,234.2 3 1
flowpilot/internal/localproxy/manager.go:236.63,239.71 3 1
flowpilot/internal/localproxy/manager.go:239.71,241.3 1 1
flowpilot/internal/localproxy/manager.go:242.2,242.11 1 1
flowpilot/internal/localproxy/socks5.go:21.114,23.85 2 0
flowpilot/internal/localproxy/socks5.go:23.85,25.3 1 0
flowpilot/internal/localproxy/socks5.go:26.2,27.16 2 0
flowpilot/internal/localproxy/socks5.go:27.16,29.3 1 0
flowpilot/internal/localproxy/socks5.go:30.2,31.16 2 0
flowpilot/internal/localproxy/socks5.go:31.16,34.3 2 0
flowpilot/internal/localproxy/socks5.go:35.2,40.12 5 0
flowpilot/internal/localproxy/socks5.go:40.12,40.69 2 0
flowpilot/internal/localproxy/socks5.go:41.2,41.12 1 0
flowpilot/internal/localproxy/socks5.go:41.12,41.69 2 0
flowpilot/internal/localproxy/socks5.go:42.2,43.12 2 0
flowpilot/internal/localproxy/socks5.go:46.77,48.51 2 1
flowpilot/internal/localproxy/socks5.go:48.51,50.3 1 0
flowpilot/internal/localproxy/socks5.go:51.2,51.21 1 1
flowpilot/internal/localproxy/socks5.go:51.21,53.3 1 1
flowpilot/internal/localproxy/socks5.go:54.2,55.54 2 1
flowpilot/internal/localproxy/socks5.go:55.54,57.3 1 0
flowpilot/internal/localproxy/socks5.go:58.2,59.36 2 1
flowpilot/internal/localproxy/socks5.go:59.36,60.42 1 1
flowpilot/internal/localproxy/socks5.go:60.42,62.9 2 1
flowpilot/internal/localproxy/socks5.go:64.3,64.42 1 1
flowpilot/internal/localproxy/socks5.go:64.42,66.4 1 1
flowpilot/internal/localproxy/socks5.go:68.2,68.60 1 1
flowpilot/internal/localproxy/socks5.go:68.60,70.3 1 0
flowpilot/internal/localproxy/socks5.go:71.2,71.20 1 1
flowpilot/internal/localproxy/socks5.go:71.20,73.3 1 1
flowpilot/internal/localproxy/socks5.go:74.2,74.20 1 1
flowpilot/internal/localproxy/socks5.go:74.20,76.3 1 1
flowpilot/internal/localproxy/socks5.go:77.2,77.12 1 1
flowpilot/internal/localproxy/socks5.go:80.89,82.51 2 1
flowpilot/internal/localproxy/socks5.go:82.51,84.3 1 0
flowpilot/internal/localproxy/socks5.go:85.2,85.21 1 1
flowpilot/internal/localproxy/socks5.go:85.21,87.3 1 1
flowpilot/internal/localproxy/socks5.go:88.2,89.56 2 1
flowpilot/internal/localproxy/socks5.go:89.56,91.3 1 0
flowpilot/internal/localproxy/socks5.go:92.2,93.54 2 1
flowpilot/internal/localproxy/socks5.go:93.54,95.3 1 0
flowpilot/internal/localproxy/socks5.go:96.2,97.56 2 1
flowpilot/internal/localproxy/socks5.go:97.56,99.3 1 0
flowpilot/internal/localproxy/socks5.go:100.2,100.76 1 1
flowpilot/internal/localproxy/socks5.go:100.76,103.3 2 1
flowpilot/internal/localproxy/socks5.go:104.2,105.12 2 1
flowpilot/internal/localproxy/socks5.go:108.62,110.50 2 1
flowpilot/internal/localproxy/socks5.go:110.50,112.3 1 0
flowpilot/internal/localproxy/socks5.go:113.2,113.38 1 1
flowpilot/internal/localproxy/socks5.go:113.38,115.3 1 1
flowpilot/internal/localproxy/socks5.go:116.2,117.16 2 1
flowpilot/internal/localproxy/socks5.go:118.12,120.52 2 1
flowpilot/internal/localproxy/socks5.go:120.52,122.4 1 0
flowpilot/internal/localproxy/socks5.go:123.3,123.31 1 1
flowpilot/internal/localproxy/socks5.go:124.12,126.54 2 1
flowpilot/internal/localproxy/socks5.go:126.54,128.4 1 0
flowpilot/internal/localproxy/socks5.go:129.3,130.52 2 1
flowpilot/internal/localproxy/socks5.go:130.52,132.4 1 0
flowpilot/internal/localproxy/socks5.go:133.3,133.22 1 1
flowpilot/internal/localproxy/socks5.go:134.12,136.52 2 1
flowpilot/internal/localproxy/socks5.go:136.52,138.4 1 0
flowpilot/internal/localproxy/socks5.go:139.3,139.31 1 1
flowpilot/internal/localproxy/socks5.go:140.10,141.59 1 1
flowpilot/internal/localproxy/socks5.go:143.2,144.54 2 1
flowpilot/internal/localproxy/socks5.go:144.54,146.3 1 0
flowpilot/internal/localproxy/socks5.go:147.2,148.56 2 1
flowpilot/internal/localproxy/socks5.go:151.94,152.27 1 1
flowpilot/internal/localproxy/socks5.go:153.26,155.30 2 0
flowpilot/internal/localproxy/socks5.go:155.30,157.4 1 0
flowpilot/internal/localproxy/socks5.go:158.3,159.17 2 0
flowpilot/internal/localproxy/socks5.go:159.17,161.4 1 0
flowpilot/internal/localproxy/socks5.go:162.3,163.17 2 0
flowpilot/internal/localproxy/socks5.go:163.17,165.4 1 0
flowpilot/internal/localproxy/socks5.go:166.3,166.19 1 0
flowpilot/internal/localproxy/socks5.go:167.25,168.52 1 0
flowpilot/internal/localproxy/socks5.go:169.28,170.53 1 0
flowpilot/internal/localproxy/socks5.go:171.10,172.87 1 1
flowpilot/internal/localproxy/socks5.go:176.100,179.12 3 0
flowpilot/internal/localproxy/socks5.go:179.12,181.22 2 0
flowpilot/internal/localproxy/socks5.go:181.22,183.4 1 0
flowpilot/internal/localproxy/socks5.go:184.3,184.108 1 0
flowpilot/internal/localproxy/socks5.go:185.8,188.3 2 0
flowpilot/internal/localproxy/socks5.go:189.2,189.16 1 0
flowpilot/internal/localproxy/socks5.go:189.16,191.3 1 0
flowpilot/internal/localproxy/socks5.go:193.2,193.64 1 0
flowpilot/internal/localproxy/socks5.go:193.64,196.3 2 0
flowpilot/internal/localproxy/socks5.go:197.2,197.18 1 0
flowpilot/internal/localproxy/socks5.go:200.87,207.29 7 0
flowpilot/internal/localproxy/socks5.go:207.29,212.3 4 0
flowpilot/internal/localproxy/socks5.go:213.2,214.66 2 0
flowpilot/internal/localproxy/socks5.go:214.66,216.3 1 0
flowpilot/internal/localproxy/socks5.go:217.2,219.16 3 0
flowpilot/internal/localproxy/socks5.go:219.16,221.3 1 0
flowpilot/internal/localproxy/socks5.go:222.2,223.38 2 0
flowpilot/internal/localproxy/socks5.go:223.38,225.3 1 0
flowpilot/internal/localproxy/socks5.go:226.2,226.12 1 0
flowpilot/internal/models/batch.go:25.50,26.23 1 1
flowpilot/internal/models/batch.go:26.23,28.3 1 1
flowpilot/internal/models/batch.go:29.2,29.20 1 1
flowpilot/internal/models/batch.go:55.50,57.39 2 1
flowpilot/internal/models/batch.go:57.39,60.16 3 1
flowpilot/internal/models/batch.go:60.16,62.4 1 1
flowpilot/internal/models/batch.go:63.3,66.29 4 1
flowpilot/internal/models/batch.go:66.29,67.17 1 1
flowpilot/internal/models/batch.go:67.17,69.10 2 1
flowpilot/internal/models/batch.go:72.3,72.13 1 1
flowpilot/internal/models/batch.go:72.13,74.4 1 1
flowpilot/internal/models/batch.go:75.3,75.30 1 1
flowpilot/internal/models/batch.go:77.2,77.13 1 1
flowpilot/internal/models/flow.go:60.46,67.2 1 1
flowpilot/internal/models/flow.go:70.52,72.32 2 1
flowpilot/internal/models/flow.go:72.32,74.3 1 1
flowpilot/internal/models/flow.go:75.2,75.14 1 1
flowpilot/internal/models/logs.go:72.45,73.41 1 1
flowpilot/internal/models/logs.go:73.41,75.3 1 1
flowpilot/internal/models/logs.go:76.2,76.38 1 1
flowpilot/internal/models/logs.go:96.41,97.16 1 1
flowpilot/internal/models/logs.go:97.16,99.3 1 1
flowpilot/internal/models/logs.go:100.2,101.9 2 1
flowpilot/internal/models/logs.go:102.64,103.24 1 1
flowpilot/internal/models/logs.go:104.73,105.31 1 1
flowpilot/internal/models/logs.go:106.50,107.26 1 1
flowpilot/internal/models/logs.go:108.47,109.28 1 1
flowpilot/internal/models/logs.go:110.48,111.29 1 1
flowpilot/internal/models/logs.go:112.102,113.28 1 1
flowpilot/internal/models/logs.go:114.65,115.27 1 1
flowpilot/internal/models/logs.go:116.64,117.29 1 1
flowpilot/internal/models/logs.go:118.38,119.31 1 1
flowpilot/internal/models/logs.go:120.10,121.24 1 1
flowpilot/internal/models/logs.go:125.52,127.30 2 1
flowpilot/internal/models/logs.go:127.30,128.35 1 1
flowpilot/internal/models/logs.go:128.35,130.4 1 1
flowpilot/internal/models/logs.go:132.2,132.14 1 1
flowpilot/internal/models/proxy.go:85.45,93.2 1 1
flowpilot/internal/models/task.go:103.43,160.2 1 0
flowpilot/internal/models/task.go:162.44,181.2 1 0
flowpilot/internal/models/task.go:183.42,188.2 4 0
flowpilot/internal/logs/export.go:26.72,27.54 1 1
flowpilot/internal/logs/export.go:27.54,29.3 1 1
flowpilot/internal/logs/export.go:30.2,30.50 1 1
flowpilot/internal/logs/export.go:33.90,35.16 2 1
flowpilot/internal/logs/export.go:35.16,37.3 1 0
flowpilot/internal/logs/export.go:38.2,39.16 2 1
flowpilot/internal/logs/export.go:39.16,41.3 1 0
flowpilot/internal/logs/export.go:43.2,45.16 3 1
flowpilot/internal/logs/export.go:45.16,47.3 1 1
flowpilot/internal/logs/export.go:48.2,54.16 5 1
flowpilot/internal/logs/export.go:54.16,56.3 1 0
flowpilot/internal/logs/export.go:57.2,57.77 1 1
flowpilot/internal/logs/export.go:57.77,59.3 1 0
flowpilot/internal/logs/export.go:61.2,62.16 2 1
flowpilot/internal/logs/export.go:62.16,64.3 1 0
flowpilot/internal/logs/export.go:65.2,65.73 1 1
flowpilot/internal/logs/export.go:65.73,67.3 1 0
flowpilot/internal/logs/export.go:69.2,69.21 1 1
flowpilot/internal/logs/export.go:73.89,75.16 2 1
flowpilot/internal/logs/export.go:75.16,77.3 1 0
flowpilot/internal/logs/export.go:78.2,79.65 2 1
flowpilot/internal/logs/export.go:79.65,81.3 1 0
flowpilot/internal/logs/export.go:82.2,82.21 1 1
flowpilot/internal/logs/export.go:85.105,87.16 2 1
flowpilot/internal/logs/export.go:87.16,89.3 1 1
flowpilot/internal/logs/export.go:90.2,90.15 1 1
flowpilot/internal/logs/export.go:90.15,91.57 1 1
flowpilot/internal/logs/export.go:91.57,93.4 1 0
flowpilot/internal/logs/export.go:95.2,96.31 2 1
flowpilot/internal/logs/export.go:96.31,97.41 1 1
flowpilot/internal/logs/export.go:97.41,99.4 1 0
flowpilot/internal/logs/export.go:101.2,101.34 1 1
flowpilot/internal/logs/export.go:101.34,102.41 1 1
flowpilot/internal/logs/export.go:102.41,104.4 1 0
flowpilot/internal/logs/export.go:106.2,106.12 1 1
flowpilot/internal/logs/export.go:109.103,111.16 2 1
flowpilot/internal/logs/export.go:111.16,113.3 1 1
flowpilot/internal/logs/export.go:114.2,114.15 1 1
flowpilot/internal/logs/export.go:114.15,115.57 1 1
flowpilot/internal/logs/export.go:115.57,117.4 1 0
flowpilot/internal/logs/export.go:120.2,121.218 2 1
flowpilot/internal/logs/export.go:121.218,123.3 1 0
flowpilot/internal/logs/export.go:125.2,125.31 1 1
flowpilot/internal/logs/export.go:125.31,127.43 2 1
flowpilot/internal/logs/export.go:127.43,129.4 1 0
flowpilot/internal/logs/export.go:131.2,131.34 1 1
flowpilot/internal/logs/export.go:131.34,133.43 2 1
flowpilot/internal/logs/export.go:133.43,135.4 1 0
flowpilot/internal/logs/export.go:137.2,138.39 2 1
flowpilot/internal/logs/export.go:138.39,140.3 1 0
flowpilot/internal/logs/export.go:141.2,141.12 1 1
flowpilot/internal/logs/export.go:144.107,146.16 2 1
flowpilot/internal/logs/export.go:146.16,148.3 1 1
flowpilot/internal/logs/export.go:149.2,149.15 1 1
flowpilot/internal/logs/export.go:149.15,150.57 1 1
flowpilot/internal/logs/export.go:150.57,152.4 1 0
flowpilot/internal/logs/export.go:155.2,156.15 2 1
flowpilot/internal/logs/export.go:156.15,157.62 1 1
flowpilot/internal/logs/export.go:157.62,159.4 1 0
flowpilot/internal/logs/export.go:162.2,162.29 1 1
flowpilot/internal/logs/export.go:162.29,164.17 2 1
flowpilot/internal/logs/export.go:164.17,166.4 1 0
flowpilot/internal/logs/export.go:167.3,168.17 2 1
flowpilot/internal/logs/export.go:168.17,170.4 1 0
flowpilot/internal/logs/export.go:172.3,174.17 3 1
flowpilot/internal/logs/export.go:174.17,176.4 1 0
flowpilot/internal/logs/export.go:177.3,177.78 1 1
flowpilot/internal/logs/export.go:177.78,179.4 1 0
flowpilot/internal/logs/export.go:181.3,183.17 3 1
flowpilot/internal/logs/export.go:183.17,185.4 1 0
flowpilot/internal/logs/export.go:186.3,186.74 1 1
flowpilot/internal/logs/export.go:186.74,188.4 1 0
flowpilot/internal/logs/export.go:191.2,191.12 1 1
flowpilot/internal/logs/export.go:194.109,196.31 2 1
flowpilot/internal/logs/export.go:196.31,197.41 1 1
flowpilot/internal/logs/export.go:197.41,199.4 1 0
flowpilot/internal/logs/export.go:201.2,201.34 1 1
flowpilot/internal/logs/export.go:201.34,202.41 1 1
flowpilot/internal/logs/export.go:202.41,204.4 1 0
flowpilot/internal/logs/export.go:206.2,206.12 1 1
flowpilot/internal/logs/export.go:209.107,212.221 3 1
flowpilot/internal/logs/export.go:212.221,214.3 1 0
flowpilot/internal/logs/export.go:215.2,215.31 1 1
flowpilot/internal/logs/export.go:215.31,217.46 2 1
flowpilot/internal/logs/export.go:217.46,219.4 1 0
flowpilot/internal/logs/export.go:221.2,221.34 1 1
flowpilot/internal/logs/export.go:221.34,223.46 2 1
flowpilot/internal/logs/export.go:223.46,225.4 1 0
flowpilot/internal/logs/export.go:227.2,228.42 2 1
flowpilot/internal/logs/export.go:228.42,230.3 1 0
flowpilot/internal/logs/export.go:231.2,232.12 2 1
flowpilot/internal/logs/logger.go:16.47,18.2 1 1
flowpilot/internal/logs/logger.go:21.119,23.2 1 1
flowpilot/internal/logs/logger.go:26.158,38.16 2 1
flowpilot/internal/logs/logger.go:38.16,40.3 1 1
flowpilot/internal/logs/logger.go:41.2,41.38 1 1
flowpilot/internal/logs/logger.go:45.46,47.2 1 1
flowpilot/internal/logs/network.go:31.53,39.2 1 1
flowpilot/internal/logs/network.go:42.53,46.2 3 1
flowpilot/internal/logs/network.go:49.85,52.45 3 1
flowpilot/internal/logs/network.go:52.45,54.3 1 1
flowpilot/internal/logs/network.go:55.2,56.39 2 1
flowpilot/internal/logs/network.go:60.83,64.2 3 1
flowpilot/internal/logs/network.go:67.109,71.9 4 1
flowpilot/internal/logs/network.go:71.9,73.3 1 0
flowpilot/internal/logs/network.go:74.2,77.21 4 1
flowpilot/internal/logs/network.go:77.21,79.3 1 0
flowpilot/internal/logs/network.go:80.2,80.31 1 1
flowpilot/internal/logs/network.go:80.31,82.3 1 0
flowpilot/internal/logs/network.go:83.2,83.41 1 1
flowpilot/internal/logs/network.go:83.41,88.3 4 1
flowpilot/internal/logs/network.go:89.2,99.60 2 1
flowpilot/internal/logs/network.go:99.60,101.3 1 1
flowpilot/internal/logs/network.go:102.2,102.62 1 1
flowpilot/internal/logs/network.go:102.62,104.3 1 1
flowpilot/internal/logs/network.go:105.2,108.35 4 1
flowpilot/internal/logs/network.go:113.74,119.2 5 1
flowpilot/internal/logs/network.go:122.52,128.2 5 1
flowpilot/internal/logs/websocket.go:29.57,36.2 1 1
flowpilot/internal/logs/websocket.go:39.55,43.2 3 1
flowpilot/internal/logs/websocket.go:46.47,49.13 3 1
flowpilot/internal/logs/websocket.go:49.13,51.3 1 1
flowpilot/internal/logs/websocket.go:55.59,59.2 3 1
flowpilot/internal/logs/websocket.go:61.59,62.30 1 0
flowpilot/internal/logs/websocket.go:62.30,64.3 1 0
flowpilot/internal/logs/websocket.go:65.2,65.30 1 0
flowpilot/internal/logs/websocket.go:68.68,70.30 2 1
flowpilot/internal/logs/websocket.go:70.30,73.3 2 1
flowpilot/internal/logs/websocket.go:74.2,77.15 4 1
flowpilot/internal/logs/websocket.go:77.15,79.3 1 1
flowpilot/internal/logs/websocket.go:83.76,84.15 1 1
flowpilot/internal/logs/websocket.go:84.15,86.3 1 1
flowpilot/internal/logs/websocket.go:87.2,98.4 5 1
flowpilot/internal/logs/websocket.go:102.96,103.15 1 1
flowpilot/internal/logs/websocket.go:103.15,105.3 1 1
flowpilot/internal/logs/websocket.go:106.2,117.4 5 1
flowpilot/internal/logs/websocket.go:121.80,122.37 1 1
flowpilot/internal/logs/websocket.go:122.37,124.3 1 1
flowpilot/internal/logs/websocket.go:125.2,140.4 5 1
flowpilot/internal/logs/websocket.go:144.88,145.37 1 1
flowpilot/internal/logs/websocket.go:145.37,147.3 1 1
flowpilot/internal/logs/websocket.go:148.2,163.4 5 1
flowpilot/internal/logs/websocket.go:167.74,168.15 1 1
flowpilot/internal/logs/websocket.go:168.15,170.3 1 1
flowpilot/internal/logs/websocket.go:171.2,183.4 6 1
flowpilot/internal/logs/websocket.go:187.82,188.15 1 1
flowpilot/internal/logs/websocket.go:188.15,190.3 1 1
flowpilot/internal/logs/websocket.go:191.2,203.4 5 1
flowpilot/internal/logs/websocket.go:207.56,213.2 5 1
flowpilot/internal/browser/browser.go:49.46,50.37 1 1
flowpilot/internal/browser/browser.go:50.37,52.3 1 1
flowpilot/internal/browser/browser.go:53.2,53.37 1 1
flowpilot/internal/browser/browser.go:53.37,55.3 1 1
flowpilot/internal/browser/browser.go:56.2,56.40 1 1
flowpilot/internal/browser/browser.go:56.40,57.30 1 1
flowpilot/internal/browser/browser.go:57.30,59.4 1 1
flowpilot/internal/browser/browser.go:61.2,61.12 1 1
flowpilot/internal/browser/browser.go:84.55,85.58 1 1
flowpilot/internal/browser/browser.go:85.58,87.3 1 1
flowpilot/internal/browser/browser.go:88.2,90.15 3 1
flowpilot/internal/browser/browser.go:94.47,96.2 1 1
flowpilot/internal/browser/browser.go:99.58,101.2 1 0
flowpilot/internal/browser/browser.go:104.43,106.2 1 1
flowpilot/internal/browser/browser.go:109.42,111.2 1 0
flowpilot/internal/browser/browser.go:113.62,115.2 1 0
flowpilot/internal/browser/browser.go:117.75,119.2 1 0
flowpilot/internal/browser/browser.go:121.79,128.51 2 1
flowpilot/internal/browser/browser.go:128.51,130.3 1 0
flowpilot/internal/browser/browser.go:131.2,131.54 1 1
flowpilot/internal/browser/browser.go:131.54,133.3 1 0
flowpilot/internal/browser/browser.go:134.2,134.54 1 1
flowpilot/internal/browser/browser.go:134.54,136.3 1 0
flowpilot/internal/browser/browser.go:137.2,137.49 1 1
flowpilot/internal/browser/browser.go:137.49,139.3 1 0
flowpilot/internal/browser/browser.go:140.2,140.31 1 1
flowpilot/internal/browser/browser.go:140.31,141.48 1 1
flowpilot/internal/browser/browser.go:141.48,143.4 1 0
flowpilot/internal/browser/browser.go:144.3,144.51 1 1
flowpilot/internal/browser/browser.go:144.51,146.4 1 0
flowpilot/internal/browser/browser.go:147.3,147.51 1 1
flowpilot/internal/browser/browser.go:147.51,149.4 1 1
flowpilot/internal/browser/browser.go:150.3,150.46 1 1
flowpilot/internal/browser/browser.go:150.46,152.4 1 0
flowpilot/internal/browser/browser.go:154.2,154.17 1 1
flowpilot/internal/browser/browser.go:158.93,172.59 8 1
flowpilot/internal/browser/browser.go:172.59,173.78 1 0
flowpilot/internal/browser/browser.go:173.78,175.4 1 0
flowpilot/internal/browser/browser.go:175.9,177.4 1 0
flowpilot/internal/browser/browser.go:180.2,180.50 1 1
flowpilot/internal/browser/browser.go:180.50,183.17 3 0
flowpilot/internal/browser/browser.go:183.17,188.4 4 0
[...]
flowpilot/internal/validation/validate.go:144.37,146.3 1 1
flowpilot/internal/validation/validate.go:147.2,148.16 2 1
flowpilot/internal/validation/validate.go:148.16,150.3 1 1
flowpilot/internal/validation/validate.go:151.2,151.47 1 1
flowpilot/internal/validation/validate.go:151.47,153.3 1 1
flowpilot/internal/validation/validate.go:154.2,154.18 1 1
flowpilot/internal/validation/validate.go:154.18,156.3 1 0
flowpilot/internal/validation/validate.go:157.2,157.12 1 1
flowpilot/internal/validation/validate.go:162.71,163.21 1 1
flowpilot/internal/validation/validate.go:163.21,165.3 1 1
flowpilot/internal/validation/validate.go:166.2,166.29 1 1
flowpilot/internal/validation/validate.go:166.29,167.33 1 1
flowpilot/internal/validation/validate.go:167.33,169.4 1 1
flowpilot/internal/validation/validate.go:171.3,171.53 1 1
flowpilot/internal/validation/validate.go:171.53,173.4 1 1
flowpilot/internal/validation/validate.go:175.3,175.79 1 1
flowpilot/internal/validation/validate.go:175.79,177.4 1 1
flowpilot/internal/validation/validate.go:179.3,179.43 1 1
flowpilot/internal/validation/validate.go:179.43,180.54 1 1
flowpilot/internal/validation/validate.go:180.54,182.5 1 1
flowpilot/internal/validation/validate.go:185.3,185.85 1 1
flowpilot/internal/validation/validate.go:185.85,187.4 1 1
flowpilot/internal/validation/validate.go:189.2,189.12 1 1
flowpilot/internal/validation/validate.go:193.47,194.37 1 1
flowpilot/internal/validation/validate.go:194.37,196.3 1 1
flowpilot/internal/validation/validate.go:197.2,198.16 2 1
flowpilot/internal/validation/validate.go:198.16,200.3 1 1
flowpilot/internal/validation/validate.go:201.2,201.30 1 1
flowpilot/internal/validation/validate.go:201.30,203.3 1 1
flowpilot/internal/validation/validate.go:204.2,204.12 1 1
flowpilot/internal/validation/validate.go:208.59,209.32 1 1
flowpilot/internal/validation/validate.go:209.32,211.3 1 1
flowpilot/internal/validation/validate.go:212.2,212.12 1 1
flowpilot/internal/validation/validate.go:216.65,217.31 1 1
flowpilot/internal/validation/validate.go:217.31,219.3 1 1
flowpilot/internal/validation/validate.go:220.2,220.12 1 1
flowpilot/internal/validation/validate.go:224.40,225.20 1 1
flowpilot/internal/validation/validate.go:225.20,227.3 1 1
flowpilot/internal/validation/validate.go:228.2,228.27 1 1
flowpilot/internal/validation/validate.go:228.27,230.20 2 1
flowpilot/internal/validation/validate.go:230.20,232.4 1 1
flowpilot/internal/validation/validate.go:233.3,233.20 1 1
flowpilot/internal/validation/validate.go:233.20,235.4 1 1
flowpilot/internal/validation/validate.go:236.3,236.25 1 1
flowpilot/internal/validation/validate.go:236.25,237.28 1 1
flowpilot/internal/validation/validate.go:237.28,239.5 1 1
flowpilot/internal/validation/validate.go:242.2,242.12 1 1
flowpilot/internal/validation/validate.go:247.41,248.35 1 1
flowpilot/internal/validation/validate.go:248.35,250.3 1 1
flowpilot/internal/validation/validate.go:251.2,251.12 1 1
flowpilot/internal/validation/validate.go:256.72,257.19 1 1
flowpilot/internal/validation/validate.go:257.19,259.3 1 1
flowpilot/internal/validation/validate.go:260.2,260.67 1 1
flowpilot/internal/validation/validate.go:260.67,262.3 1 1
flowpilot/internal/validation/validate.go:263.2,263.12 1 1
flowpilot/internal/validation/validate.go:268.117,269.47 1 1
flowpilot/internal/validation/validate.go:269.47,271.3 1 1
flowpilot/internal/validation/validate.go:272.2,272.48 1 1
flowpilot/internal/validation/validate.go:272.48,274.3 1 1
flowpilot/internal/validation/validate.go:275.2,275.60 1 1
flowpilot/internal/validation/validate.go:275.60,277.3 1 1
flowpilot/internal/validation/validate.go:278.2,278.51 1 1
flowpilot/internal/validation/validate.go:278.51,280.3 1 1
flowpilot/internal/validation/validate.go:281.2,281.12 1 1
flowpilot/internal/validation/validate.go:285.72,286.52 1 1
flowpilot/internal/validation/validate.go:286.52,288.3 1 1
flowpilot/internal/validation/validate.go:289.2,289.56 1 1
flowpilot/internal/validation/validate.go:289.56,291.3 1 1
flowpilot/internal/validation/validate.go:292.2,292.12 1 1
flowpilot/internal/validation/validate.go:296.72,297.20 1 1
flowpilot/internal/validation/validate.go:297.20,299.3 1 1
flowpilot/internal/validation/validate.go:300.2,300.36 1 1
flowpilot/internal/validation/validate.go:300.36,302.3 1 1
flowpilot/internal/validation/validate.go:303.2,303.12 1 1
flowpilot/internal/validation/validate.go:308.56,312.15 3 1
flowpilot/internal/validation/validate.go:312.15,313.57 1 1
flowpilot/internal/validation/validate.go:313.57,315.4 1 1
flowpilot/internal/validation/validate.go:316.3,316.25 1 1
flowpilot/internal/validation/validate.go:316.25,317.62 1 1
flowpilot/internal/validation/validate.go:317.62,319.5 1 0
flowpilot/internal/validation/validate.go:321.8,321.37 1 1
flowpilot/internal/validation/validate.go:321.37,323.3 1 1
flowpilot/internal/validation/validate.go:325.2,325.60 1 1
flowpilot/internal/validation/validate.go:325.60,327.3 1 1
flowpilot/internal/validation/validate.go:328.2,328.12 1 1
flowpilot/internal/validation/validate.go:343.42,344.28 1 1
flowpilot/internal/validation/validate.go:344.28,346.3 1 1
flowpilot/internal/validation/validate.go:347.2,347.12 1 1
flowpilot/internal/validation/validate.go:351.64,352.26 1 1
flowpilot/internal/validation/validate.go:352.26,354.3 1 1
flowpilot/internal/validation/validate.go:355.2,355.43 1 1
flowpilot/internal/validation/validate.go:355.43,357.3 1 0
flowpilot/internal/validation/validate.go:358.2,358.43 1 1
flowpilot/internal/validation/validate.go:358.43,360.3 1 1
flowpilot/internal/validation/validate.go:361.2,361.78 1 1
flowpilot/internal/validation/validate.go:361.78,363.3 1 1
flowpilot/internal/validation/validate.go:364.2,364.36 1 1
flowpilot/internal/validation/validate.go:364.36,365.49 1 1
flowpilot/internal/validation/validate.go:365.49,367.4 1 1
flowpilot/internal/validation/validate.go:369.2,369.87 1 1
flowpilot/internal/validation/validate.go:369.87,371.3 1 1
flowpilot/internal/validation/validate.go:372.2,372.49 1 1
flowpilot/internal/validation/validate.go:372.49,374.3 1 1
flowpilot/internal/validation/validate.go:375.2,375.12 1 1
flowpilot/internal/vision/diff.go:20.91,22.16 2 1
flowpilot/internal/vision/diff.go:22.16,24.3 1 1
flowpilot/internal/vision/diff.go:26.2,27.16 2 1
flowpilot/internal/vision/diff.go:27.16,29.3 1 0
flowpilot/internal/vision/diff.go:31.2,42.30 8 1
flowpilot/internal/vision/diff.go:42.30,43.30 1 1
flowpilot/internal/vision/diff.go:43.30,45.71 2 1
flowpilot/internal/vision/diff.go:45.71,47.5 1 1
flowpilot/internal/vision/diff.go:47.10,49.5 1 1
flowpilot/internal/vision/diff.go:50.4,50.68 1 1
flowpilot/internal/vision/diff.go:50.68,52.5 1 1
flowpilot/internal/vision/diff.go:52.10,54.5 1 0
flowpilot/internal/vision/diff.go:56.4,56.31 1 1
flowpilot/internal/vision/diff.go:56.31,59.5 2 1
flowpilot/internal/vision/diff.go:59.10,67.5 2 1
flowpilot/internal/vision/diff.go:71.2,71.57 1 1
flowpilot/internal/vision/diff.go:71.57,73.3 1 0
flowpilot/internal/vision/diff.go:75.2,76.21 2 1
flowpilot/internal/vision/diff.go:76.21,78.3 1 1
flowpilot/internal/vision/diff.go:80.2,86.8 1 1
flowpilot/internal/vision/diff.go:89.48,91.16 2 1
flowpilot/internal/vision/diff.go:91.16,93.3 1 1
flowpilot/internal/vision/diff.go:94.2,97.16 3 1
flowpilot/internal/vision/diff.go:97.16,99.3 1 0
flowpilot/internal/vision/diff.go:100.2,100.17 1 1
flowpilot/internal/vision/diff.go:103.50,105.16 2 1
flowpilot/internal/vision/diff.go:105.16,107.3 1 0
flowpilot/internal/vision/diff.go:108.2,110.43 2 1
flowpilot/internal/vision/diff.go:110.43,112.3 1 0
flowpilot/internal/vision/diff.go:113.2,113.12 1 1
flowpilot/internal/vision/diff.go:116.44,128.2 9 1
flowpilot/internal/vision/diff.go:130.24,131.11 1 1
flowpilot/internal/vision/diff.go:131.11,133.3 1 0
flowpilot/internal/vision/diff.go:134.2,134.10 1 1
flowpilot/internal/queue/priority_heap.go:24.29,24.46 1 1
flowpilot/internal/queue/priority_heap.go:26.39,27.46 1 1
flowpilot/internal/queue/priority_heap.go:27.46,29.3 1 1
flowpilot/internal/queue/priority_heap.go:30.2,30.42 1 1
flowpilot/internal/queue/priority_heap.go:33.34,37.2 3 1
flowpilot/internal/queue/priority_heap.go:39.32,43.2 3 1
flowpilot/internal/queue/priority_heap.go:45.30,53.2 7 1
flowpilot/internal/queue/priority_heap.go:56.36,57.17 1 1
flowpilot/internal/queue/priority_heap.go:57.17,59.3 1 1
flowpilot/internal/queue/priority_heap.go:60.2,60.13 1 1
flowpilot/internal/queue/queue.go:66.101,94.38 7 1
flowpilot/internal/queue/queue.go:94.38,97.13 3 1
flowpilot/internal/queue/queue.go:97.13,98.20 1 1
flowpilot/internal/queue/queue.go:98.20,100.32 2 1
flowpilot/internal/queue/queue.go:100.32,102.6 1 1
flowpilot/internal/queue/queue.go:103.5,103.24 1 1
flowpilot/internal/queue/queue.go:105.4,105.22 1 1
flowpilot/internal/queue/queue.go:109.2,109.10 1 1
flowpilot/internal/queue/queue.go:112.94,114.42 2 1
flowpilot/internal/queue/queue.go:114.42,116.3 1 1
flowpilot/internal/queue/queue.go:117.2,117.66 1 1
flowpilot/internal/queue/queue.go:121.52,125.2 3 1
flowpilot/internal/queue/queue.go:127.53,132.2 4 0
flowpilot/internal/queue/queue.go:134.50,138.2 3 1
flowpilot/internal/queue/queue.go:141.69,143.15 2 1
flowpilot/internal/queue/queue.go:143.15,146.3 2 1
flowpilot/internal/queue/queue.go:147.2,147.31 1 1
flowpilot/internal/queue/queue.go:147.31,150.3 2 1
flowpilot/internal/queue/queue.go:151.2,151.29 1 1
flowpilot/internal/queue/queue.go:151.29,154.3 2 1
flowpilot/internal/queue/queue.go:155.2,155.69 1 1
flowpilot/internal/queue/queue.go:155.69,158.3 2 1
flowpilot/internal/queue/queue.go:160.2,172.125 7 1
flowpilot/internal/queue/queue.go:172.125,178.3 5 0
flowpilot/internal/queue/queue.go:179.2,183.12 3 1
flowpilot/internal/queue/queue.go:187.77,188.21 1 1
flowpilot/internal/queue/queue.go:188.21,190.3 1 1
flowpilot/internal/queue/queue.go:192.2,193.15 2 1
flowpilot/internal/queue/queue.go:193.15,196.3 2 0
flowpilot/internal/queue/queue.go:198.2,198.79 1 1
flowpilot/internal/queue/queue.go:198.79,201.3 2 0
flowpilot/internal/queue/queue.go:203.2,204.29 2 1
flowpilot/internal/queue/queue.go:204.29,205.59 1 1
flowpilot/internal/queue/queue.go:205.59,206.12 1 1
flowpilot/internal/queue/queue.go:208.3,218.30 6 1
flowpilot/internal/queue/queue.go:220.2,222.21 2 1
flowpilot/internal/queue/queue.go:222.21,224.3 1 0
flowpilot/internal/queue/queue.go:226.2,227.26 2 1
flowpilot/internal/queue/queue.go:227.26,229.3 1 1
flowpilot/internal/queue/queue.go:230.2,231.29 2 1
flowpilot/internal/queue/queue.go:231.29,233.3 1 1
flowpilot/internal/queue/queue.go:234.2,234.59 1 1
flowpilot/internal/queue/queue.go:234.59,236.27 2 0
flowpilot/internal/queue/queue.go:236.27,238.4 1 0
flowpilot/internal/queue/queue.go:239.3,240.57 2 0
flowpilot/internal/queue/queue.go:243.2,243.26 1 1
flowpilot/internal/queue/queue.go:243.26,245.3 1 1
flowpilot/internal/queue/queue.go:246.2,247.12 2 1
flowpilot/internal/queue/queue.go:251.45,254.41 2 1
flowpilot/internal/queue/queue.go:254.41,259.3 4 1
flowpilot/internal/queue/queue.go:259.8,259.37 1 1
flowpilot/internal/queue/queue.go:259.37,262.3 2 1
flowpilot/internal/queue/queue.go:262.8,262.43 1 1
flowpilot/internal/queue/queue.go:262.43,265.3 2 1
flowpilot/internal/queue/queue.go:265.8,267.3 1 1
flowpilot/internal/queue/queue.go:269.2,271.173 3 1
flowpilot/internal/queue/queue.go:271.173,273.3 1 0
flowpilot/internal/queue/queue.go:274.2,275.12 2 1
flowpilot/internal/queue/queue.go:280.44,285.21 4 1
flowpilot/internal/queue/queue.go:285.21,288.35 3 1
flowpilot/internal/queue/queue.go:288.35,291.4 2 1
flowpilot/internal/queue/queue.go:291.9,293.4 1 1
flowpilot/internal/queue/queue.go:295.2,295.33 1 1
flowpilot/internal/queue/queue.go:295.33,298.3 2 1
flowpilot/internal/queue/queue.go:299.2,299.15 1 1
flowpilot/internal/queue/queue.go:304.45,310.27 5 1
flowpilot/internal/queue/queue.go:310.27,313.35 3 1
flowpilot/internal/queue/queue.go:313.35,317.4 3 1
flowpilot/internal/queue/queue.go:317.9,319.4 1 1
flowpilot/internal/queue/queue.go:321.2,321.33 1 1
flowpilot/internal/queue/queue.go:321.33,324.3 2 1
flowpilot/internal/queue/queue.go:325.2,328.20 2 1
flowpilot/internal/queue/queue.go:328.20,330.3 1 1
flowpilot/internal/queue/queue.go:333.79,335.2 1 1
flowpilot/internal/queue/queue.go:337.83,338.23 1 1
flowpilot/internal/queue/queue.go:338.23,340.3 1 0
flowpilot/internal/queue/queue.go:342.2,345.13 4 1
flowpilot/internal/queue/queue.go:345.13,349.3 3 0
flowpilot/internal/queue/queue.go:351.2,351.33 1 1
flowpilot/internal/queue/queue.go:351.33,352.10 1 1
flowpilot/internal/queue/queue.go:353.58,353.58 0 1
flowpilot/internal/queue/queue.go:354.11,358.18 4 0
flowpilot/internal/queue/queue.go:358.18,360.5 1 0
flowpilot/internal/queue/queue.go:363.2,363.12 1 1
flowpilot/internal/queue/queue.go:366.37,373.18 5 1
flowpilot/internal/queue/queue.go:373.18,374.22 1 1
flowpilot/internal/queue/queue.go:374.22,376.4 1 1
flowpilot/internal/queue/queue.go:377.3,382.17 6 1
flowpilot/internal/queue/queue.go:382.17,383.35 1 0
flowpilot/internal/queue/queue.go:383.35,385.5 1 0
flowpilot/internal/queue/queue.go:389.2,389.6 1 1
flowpilot/internal/queue/queue.go:389.6,390.10 1 1
flowpilot/internal/queue/queue.go:391.39,392.11 1 1
flowpilot/internal/queue/queue.go:392.11,395.5 2 1
flowpilot/internal/queue/queue.go:396.4,397.44 2 1
flowpilot/internal/queue/queue.go:397.44,399.5 1 0
flowpilot/internal/queue/queue.go:400.19,401.11 1 1
flowpilot/internal/queue/queue.go:407.24,408.23 1 1
flowpilot/internal/queue/queue.go:408.23,413.37 3 1
flowpilot/internal/queue/queue.go:413.37,416.4 2 1
flowpilot/internal/queue/queue.go:417.3,420.22 2 1
flowpilot/internal/queue/queue.go:420.22,424.4 3 1
flowpilot/internal/queue/queue.go:427.3,427.28 1 1
flowpilot/internal/queue/queue.go:427.28,431.4 3 1
flowpilot/internal/queue/queue.go:432.3,441.25 6 1
flowpilot/internal/queue/queue.go:446.36,450.2 3 1
flowpilot/internal/queue/queue.go:456.47,469.2 12 1
flowpilot/internal/queue/queue.go:473.62,475.16 2 1
flowpilot/internal/queue/queue.go:475.16,477.3 1 0
flowpilot/internal/queue/queue.go:478.2,478.29 1 1
flowpilot/internal/queue/queue.go:478.29,479.161 1 1
flowpilot/internal/queue/queue.go:479.161,481.4 1 0
flowpilot/internal/queue/queue.go:482.3,483.45 2 1
flowpilot/internal/queue/queue.go:483.45,485.4 1 0
flowpilot/internal/queue/queue.go:487.2,487.12 1 1
flowpilot/internal/queue/queue.go:492.31,495.6 2 1
flowpilot/internal/queue/queue.go:495.6,497.18 2 1
flowpilot/internal/queue/queue.go:497.18,499.19 2 1
flowpilot/internal/queue/queue.go:499.19,502.14 3 1
flowpilot/internal/queue/queue.go:504.4,504.17 1 1
flowpilot/internal/queue/queue.go:506.3,508.2 3 1
flowpilot/internal/queue/queue.go:512.65,514.21 2 1
flowpilot/internal/queue/queue.go:514.21,518.32 3 1
flowpilot/internal/queue/queue.go:518.32,521.12 3 0
flowpilot/internal/queue/queue.go:523.3,523.61 1 1
flowpilot/internal/queue/queue.go:523.61,526.12 3 0
flowpilot/internal/queue/queue.go:529.3,531.108 3 1
flowpilot/internal/queue/queue.go:531.108,533.12 2 1
flowpilot/internal/queue/queue.go:536.3,536.36 1 1
flowpilot/internal/queue/queue.go:536.36,539.4 2 1
flowpilot/internal/queue/queue.go:540.3,541.30 2 1
flowpilot/internal/queue/queue.go:541.30,543.4 1 0
flowpilot/internal/queue/queue.go:544.3,544.50 1 1
flowpilot/internal/queue/queue.go:547.2,547.35 1 1
flowpilot/internal/queue/queue.go:547.35,550.3 2 1
flowpilot/internal/queue/queue.go:551.2,551.26 1 1
flowpilot/internal/queue/queue.go:561.114,562.15 1 1
flowpilot/internal/queue/queue.go:562.15,566.54 4 1
flowpilot/internal/queue/queue.go:566.54,568.4 1 0
flowpilot/internal/queue/queue.go:569.3,570.21 2 1
flowpilot/internal/queue/queue.go:573.2,574.39 2 1
flowpilot/internal/queue/queue.go:574.39,578.3 3 0
flowpilot/internal/queue/queue.go:579.2,582.22 3 1
flowpilot/internal/queue/queue.go:582.22,584.3 1 0
flowpilot/internal/queue/queue.go:585.2,590.39 4 1
flowpilot/internal/queue/queue.go:590.39,594.3 3 0
flowpilot/internal/queue/queue.go:595.2,600.28 5 1
flowpilot/internal/queue/queue.go:600.28,602.21 2 0
flowpilot/internal/queue/queue.go:602.21,604.4 1 0
flowpilot/internal/queue/queue.go:605.3,606.17 2 0
flowpilot/internal/queue/queue.go:606.17,607.20 1 0
flowpilot/internal/queue/queue.go:607.20,611.5 3 0
flowpilot/internal/queue/queue.go:611.10,611.21 1 0
flowpilot/internal/queue/queue.go:611.21,614.56 3 0
flowpilot/internal/queue/queue.go:614.56,617.6 2 0
flowpilot/internal/queue/queue.go:618.5,619.23 2 0
flowpilot/internal/queue/queue.go:621.4,621.20 1 0
flowpilot/internal/queue/queue.go:621.20,623.5 1 0
flowpilot/internal/queue/queue.go:624.9,624.55 1 0
flowpilot/internal/queue/queue.go:624.55,626.55 2 0
flowpilot/internal/queue/queue.go:626.55,629.5 2 0
flowpilot/internal/queue/queue.go:630.4,633.10 4 0
flowpilot/internal/queue/queue.go:634.9,637.4 2 0
flowpilot/internal/queue/queue.go:640.2,640.126 1 1
flowpilot/internal/queue/queue.go:640.126,643.3 2 0
flowpilot/internal/queue/queue.go:644.2,648.24 3 1
flowpilot/internal/queue/queue.go:648.24,649.74 1 0
flowpilot/internal/queue/queue.go:649.74,651.4 1 0
flowpilot/internal/queue/queue.go:654.2,655.16 2 1
flowpilot/internal/queue/queue.go:655.16,657.39 1 1
flowpilot/internal/queue/queue.go:657.39,660.176 2 1
flowpilot/internal/queue/queue.go:660.176,663.5 2 0
flowpilot/internal/queue/queue.go:663.10,668.5 4 1
flowpilot/internal/queue/queue.go:669.4,670.10 2 1
flowpilot/internal/queue/queue.go:672.3,672.50 1 0
flowpilot/internal/queue/queue.go:673.8,675.3 1 1
flowpilot/internal/queue/queue.go:677.2,677.23 1 1
flowpilot/internal/queue/queue.go:677.23,679.3 1 0
flowpilot/internal/queue/queue.go:682.128,683.39 1 1
flowpilot/internal/queue/queue.go:683.39,684.20 1 1
flowpilot/internal/queue/queue.go:684.20,685.32 1 0
flowpilot/internal/queue/queue.go:685.32,686.88 1 0
flowpilot/internal/queue/queue.go:686.88,688.6 1 0
flowpilot/internal/queue/queue.go:690.4,690.35 1 0
flowpilot/internal/queue/queue.go:690.35,691.94 1 0
flowpilot/internal/queue/queue.go:691.94,693.6 1 0
flowpilot/internal/queue/queue.go:696.3,696.174 1 1
flowpilot/internal/queue/queue.go:696.174,699.4 2 0
flowpilot/internal/queue/queue.go:700.3,703.22 3 1
flowpilot/internal/queue/queue.go:703.22,705.4 1 0
flowpilot/internal/queue/queue.go:706.3,719.4 7 1
flowpilot/internal/queue/queue.go:722.2,724.19 3 1
flowpilot/internal/queue/queue.go:724.19,727.3 2 0
flowpilot/internal/queue/queue.go:728.2,730.105 3 1
flowpilot/internal/queue/queue.go:730.105,733.3 2 0
flowpilot/internal/queue/queue.go:734.2,738.20 5 1
flowpilot/internal/queue/queue.go:741.45,743.9 2 1
flowpilot/internal/queue/queue.go:744.17,744.17 0 1
flowpilot/internal/queue/queue.go:745.18,750.17 5 1
flowpilot/internal/queue/queue.go:750.17,752.4 1 0
flowpilot/internal/queue/queue.go:753.3,753.9 1 1
flowpilot/internal/queue/queue.go:754.29,759.17 5 1
flowpilot/internal/queue/queue.go:759.17,761.4 1 0
flowpilot/internal/queue/queue.go:762.3,762.9 1 1
flowpilot/internal/queue/queue.go:766.2,766.56 1 1
flowpilot/internal/queue/queue.go:766.56,770.18 4 0
flowpilot/internal/queue/queue.go:770.18,772.4 1 0
flowpilot/internal/queue/queue.go:773.3,773.92 1 0
flowpilot/internal/queue/queue.go:777.101,778.19 1 1
flowpilot/internal/queue/queue.go:778.19,781.3 2 0
flowpilot/internal/queue/queue.go:782.2,784.74 3 1
flowpilot/internal/queue/queue.go:784.74,787.3 2 0
flowpilot/internal/queue/queue.go:788.2,791.54 4 1
flowpilot/internal/queue/queue.go:794.83,795.22 1 1
flowpilot/internal/queue/queue.go:795.22,801.3 1 1
flowpilot/internal/queue/queue.go:805.52,808.2 2 1
flowpilot/internal/queue/queue.go:811.50,815.2 3 1
flowpilot/internal/queue/queue.go:819.52,820.28 1 1
flowpilot/internal/queue/queue.go:820.28,821.29 1 1
flowpilot/internal/queue/queue.go:821.29,826.4 4 1
flowpilot/internal/queue/queue.go:828.2,828.14 1 1
flowpilot/internal/queue/queue.go:833.58,834.34 1 1
flowpilot/internal/queue/queue.go:834.34,835.29 1 1
flowpilot/internal/queue/queue.go:835.29,840.4 4 1
flowpilot/internal/queue/queue.go:842.2,842.14 1 1
